Traceback (most recent call last):
  File "/Users/alexmann/.pyenv/versions/3.9.16/lib/python3.9/site-packages/urllib3/connection.py", line 199, in _new_conn
    sock = connection.create_connection(
  File "/Users/alexmann/.pyenv/versions/3.9.16/lib/python3.9/site-packages/urllib3/util/connection.py", line 60, in create_connection
    for res in socket.getaddrinfo(host, port, family, socket.SOCK_STREAM):
  File "/Users/alexmann/.pyenv/versions/3.9.16/lib/python3.9/socket.py", line 954, in getaddrinfo
    for res in _socket.getaddrinfo(host, port, family, type, proto, flags):
socket.gaierror: [Errno 8] nodename nor servname provided, or not known

The above exception was the direct cause of the following exception:

Traceback (most recent call last):
  File "/Users/alexmann/.pyenv/versions/3.9.16/lib/python3.9/site-packages/urllib3/connectionpool.py", line 789, in urlopen
    response = self._make_request(
  File "/Users/alexmann/.pyenv/versions/3.9.16/lib/python3.9/site-packages/urllib3/connectionpool.py", line 490, in _make_request
    raise new_e
  File "/Users/alexmann/.pyenv/versions/3.9.16/lib/python3.9/site-packages/urllib3/connectionpool.py", line 466, in _make_request
    self._validate_conn(conn)
  File "/Users/alexmann/.pyenv/versions/3.9.16/lib/python3.9/site-packages/urllib3/connectionpool.py", line 1095, in _validate_conn
    conn.connect()
  File "/Users/alexmann/.pyenv/versions/3.9.16/lib/python3.9/site-packages/urllib3/connection.py", line 693, in connect
    self.sock = sock = self._new_conn()
  File "/Users/alexmann/.pyenv/versions/3.9.16/lib/python3.9/site-packages/urllib3/connection.py", line 206, in _new_conn
    raise NameResolutionError(self.host, self, e) from e
urllib3.exceptions.NameResolutionError: <urllib3.connection.HTTPSConnection object at 0x10e395640>: Failed to resolve 'api.the-odds-api.com' ([Errno 8] nodename nor servname provided, or not known)

The above exception was the direct cause of the following exception:

Traceback (most recent call last):
  File "/Users/alexmann/.pyenv/versions/3.9.16/lib/python3.9/site-packages/requests/adapters.py", line 667, in send
    resp = conn.urlopen(
  File "/Users/alexmann/.pyenv/versions/3.9.16/lib/python3.9/site-packages/urllib3/connectionpool.py", line 843, in urlopen
    retries = retries.increment(
  File "/Users/alexmann/.pyenv/versions/3.9.16/lib/python3.9/site-packages/urllib3/util/retry.py", line 519, in increment
    raise MaxRetryError(_pool, url, reason) from reason  # type: ignore[arg-type]
urllib3.exceptions.MaxRetryError: HTTPSConnectionPool(host='api.the-odds-api.com', port=443): Max retries exceeded with url: /v4/sports/icehockey_nhl/events?api_key=204b8940e5d4c9be1a3ab2e8192a286f&regions=us&dateFormat=iso (Caused by NameResolutionError("<urllib3.connection.HTTPSConnection object at 0x10e395640>: Failed to resolve 'api.the-odds-api.com' ([Errno 8] nodename nor servname provided, or not known)"))

During handling of the above exception, another exception occurred:

Traceback (most recent call last):
  File "/Users/alexmann/Documents/Code_Learning/nhl_fromscratch/odds_api_main.py", line 28, in <module>
    events_response = requests.get(
  File "/Users/alexmann/.pyenv/versions/3.9.16/lib/python3.9/site-packages/requests/api.py", line 73, in get
    return request("get", url, params=params, **kwargs)
  File "/Users/alexmann/.pyenv/versions/3.9.16/lib/python3.9/site-packages/requests/api.py", line 59, in request
    return session.request(method=method, url=url, **kwargs)
  File "/Users/alexmann/.pyenv/versions/3.9.16/lib/python3.9/site-packages/requests/sessions.py", line 589, in request
    resp = self.send(prep, **send_kwargs)
  File "/Users/alexmann/.pyenv/versions/3.9.16/lib/python3.9/site-packages/requests/sessions.py", line 703, in send
    r = adapter.send(request, **kwargs)
  File "/Users/alexmann/.pyenv/versions/3.9.16/lib/python3.9/site-packages/requests/adapters.py", line 700, in send
    raise ConnectionError(e, request=request)
requests.exceptions.ConnectionError: HTTPSConnectionPool(host='api.the-odds-api.com', port=443): Max retries exceeded with url: /v4/sports/icehockey_nhl/events?api_key=204b8940e5d4c9be1a3ab2e8192a286f&regions=us&dateFormat=iso (Caused by NameResolutionError("<urllib3.connection.HTTPSConnection object at 0x10e395640>: Failed to resolve 'api.the-odds-api.com' ([Errno 8] nodename nor servname provided, or not known)"))
Fetching and storing player data with weights: x_10 = 5, x_2024 = 3, x_2023 = 2, x_2022 = 1
Using ledger: daily_ledger_scaled, model table: modelled_likelihoods
Found 22 players to model.
No valid game log data available for player ID: 8484387 before date 2024-11-29 for season 20232024.
No valid game log data available for player ID: 8484387 before date 2024-11-29 for season 20222023.
Matvei Michkov has less than 60 GP.
No valid game log data available for player ID: 8484387 before date 2024-11-29 for season 20232024.
No valid game log data available for player ID: 8484387 before date 2024-11-29 for season 20222023.
Matvei Michkov has less than 60 GP.
Matt Coronato has less than 60 GP.
Matt Coronato has less than 60 GP.
No valid game log data available for player ID: 8483445 before date 2024-11-29 for season 20222023.
Cutter Gauthier has less than 60 GP.
No valid game log data available for player ID: 8483445 before date 2024-11-29 for season 20222023.
Cutter Gauthier has less than 60 GP.
Brandt Clarke has less than 60 GP.
Brandt Clarke has less than 60 GP.
No valid game log data available for player ID: 8484801 before date 2024-11-29 for season 20232024.
No valid game log data available for player ID: 8484801 before date 2024-11-29 for season 20222023.
Macklin Celebrini has less than 60 GP.
No valid game log data available for player ID: 8484801 before date 2024-11-29 for season 20232024.
No valid game log data available for player ID: 8484801 before date 2024-11-29 for season 20222023.
Macklin Celebrini has less than 60 GP.
No valid game log data available for player ID: 8482702 before date 2024-11-29 for season 20222023.
Logan Stankoven has less than 60 GP.
No valid game log data available for player ID: 8482702 before date 2024-11-29 for season 20222023.
Logan Stankoven has less than 60 GP.
Python interpreter: /Users/alexmann/.pyenv/versions/3.9.16/bin/python3
Created table daily_ledger_scaled_weight3
Created table modelled_likelihoods_weight3
Fetching and storing player data with weights: x_10 = 3, x_2024 = 3, x_2023 = 2, x_2022 = 1
Using ledger: daily_ledger_scaled_weight3, model table: modelled_likelihoods_weight3
Found 22 players to model.
No valid game log data available for player ID: 8484387 before date 2024-11-29 for season 20232024.
No valid game log data available for player ID: 8484387 before date 2024-11-29 for season 20222023.
Matvei Michkov has less than 60 GP.
No valid game log data available for player ID: 8484387 before date 2024-11-29 for season 20232024.
No valid game log data available for player ID: 8484387 before date 2024-11-29 for season 20222023.
Matvei Michkov has less than 60 GP.
Matt Coronato has less than 60 GP.
Matt Coronato has less than 60 GP.
No valid game log data available for player ID: 8483445 before date 2024-11-29 for season 20222023.
Cutter Gauthier has less than 60 GP.
No valid game log data available for player ID: 8483445 before date 2024-11-29 for season 20222023.
Cutter Gauthier has less than 60 GP.
Brandt Clarke has less than 60 GP.
Brandt Clarke has less than 60 GP.
No valid game log data available for player ID: 8484801 before date 2024-11-29 for season 20232024.
No valid game log data available for player ID: 8484801 before date 2024-11-29 for season 20222023.
Macklin Celebrini has less than 60 GP.
No valid game log data available for player ID: 8484801 before date 2024-11-29 for season 20232024.
No valid game log data available for player ID: 8484801 before date 2024-11-29 for season 20222023.
Macklin Celebrini has less than 60 GP.
No valid game log data available for player ID: 8482702 before date 2024-11-29 for season 20222023.
Logan Stankoven has less than 60 GP.
No valid game log data available for player ID: 8482702 before date 2024-11-29 for season 20222023.
Logan Stankoven has less than 60 GP.
WARNING: Sum of suggested bets for date 2024-11-29 is greater than bankroll.
WARNING: Scaling all suggested bets for date 2024-11-29 by 0.42 to reduce bet volume below 100%.
First 3 rows of daily_ledger_scaled_weight3:
   id        date  ...  initial_dollar_value  final_dollar_value
0   1  2024-10-11  ...            100.000000           87.800476
1   2  2024-10-15  ...             87.800476           88.925541
2   3  2024-10-16  ...             88.925541           82.567795

[3 rows x 6 columns]
Last 3 rows of daily_ledger_scaled_weight3:
    id        date  ...  initial_dollar_value  final_dollar_value
43  44  2024-11-26  ...            298.589749          317.123831
44  45  2024-11-27  ...            317.123831          331.482884
45  46  2024-11-29  ...            331.482884          305.734043

[3 rows x 6 columns]
Daily dollar amounts for daily_ledger_scaled_weight3:
    final_dollar_value
0            87.800476
1            88.925541
2            82.567795
3            85.274270
4            71.650510
5            67.440568
6            77.621785
7            83.307984
8            76.657374
9            73.723491
10           85.278557
11          101.330746
12          109.236467
13          114.634050
14          150.352604
15          175.847527
16          177.959921
17          183.519035
18          162.968573
19          153.405616
20          187.058966
21          194.639899
22          196.792138
23          210.312487
24          254.442484
25          299.589846
26          334.045316
27          273.753454
28          335.103304
29          343.601263
30          320.447356
31          304.673614
32          319.485344
33          374.574317
34          425.973562
35          476.327647
36          466.408493
37          527.063048
38          417.599207
39          389.128843
40          400.138201
41          449.012329
42          298.589749
43          317.123831
44          331.482884
45          305.734043
Created table daily_ledger_scaled_weight4
Created table modelled_likelihoods_weight4
Fetching and storing player data with weights: x_10 = 4, x_2024 = 3, x_2023 = 2, x_2022 = 1
Using ledger: daily_ledger_scaled_weight4, model table: modelled_likelihoods_weight4
Found 22 players to model.
No valid game log data available for player ID: 8484387 before date 2024-11-29 for season 20232024.
No valid game log data available for player ID: 8484387 before date 2024-11-29 for season 20222023.
Matvei Michkov has less than 60 GP.
No valid game log data available for player ID: 8484387 before date 2024-11-29 for season 20232024.
No valid game log data available for player ID: 8484387 before date 2024-11-29 for season 20222023.
Matvei Michkov has less than 60 GP.
Matt Coronato has less than 60 GP.
Matt Coronato has less than 60 GP.
No valid game log data available for player ID: 8483445 before date 2024-11-29 for season 20222023.
Cutter Gauthier has less than 60 GP.
No valid game log data available for player ID: 8483445 before date 2024-11-29 for season 20222023.
Cutter Gauthier has less than 60 GP.
Brandt Clarke has less than 60 GP.
Brandt Clarke has less than 60 GP.
No valid game log data available for player ID: 8484801 before date 2024-11-29 for season 20232024.
No valid game log data available for player ID: 8484801 before date 2024-11-29 for season 20222023.
Macklin Celebrini has less than 60 GP.
No valid game log data available for player ID: 8484801 before date 2024-11-29 for season 20232024.
No valid game log data available for player ID: 8484801 before date 2024-11-29 for season 20222023.
Macklin Celebrini has less than 60 GP.
No valid game log data available for player ID: 8482702 before date 2024-11-29 for season 20222023.
Logan Stankoven has less than 60 GP.
No valid game log data available for player ID: 8482702 before date 2024-11-29 for season 20222023.
Logan Stankoven has less than 60 GP.
WARNING: Sum of suggested bets for date 2024-11-29 is greater than bankroll.
WARNING: Scaling all suggested bets for date 2024-11-29 by 0.46 to reduce bet volume below 100%.
First 3 rows of daily_ledger_scaled_weight4:
   id        date  ...  initial_dollar_value  final_dollar_value
0   1  2024-10-11  ...            100.000000           90.358412
1   2  2024-10-15  ...             90.358412           89.956594
2   3  2024-10-16  ...             89.956594           81.032458

[3 rows x 6 columns]
Last 3 rows of daily_ledger_scaled_weight4:
    id        date  ...  initial_dollar_value  final_dollar_value
43  44  2024-11-26  ...            280.334488          297.005679
44  45  2024-11-27  ...            297.005679          318.969755
45  46  2024-11-29  ...            318.969755          285.551130

[3 rows x 6 columns]
Daily dollar amounts for daily_ledger_scaled_weight4:
    final_dollar_value
0            90.358412
1            89.956594
2            81.032458
3            83.907333
4            69.383194
5            66.830913
6            76.411963
7            82.235325
8            77.395141
9            74.573237
10           87.201845
11          103.857882
12          114.541928
13          120.011952
14          158.359948
15          187.343161
16          187.380816
17          195.998556
18          177.998053
19          167.386641
20          198.954748
21          205.417825
22          208.793266
23          226.452915
24          271.983869
25          316.928434
26          356.131838
27          284.999027
28          336.172046
29          347.349077
30          322.891307
31          320.607320
32          312.711580
33          367.200259
34          421.335501
35          466.641021
36          455.601902
37          501.952975
38          404.102082
39          377.866288
40          397.784221
41          445.875285
42          280.334488
43          297.005679
44          318.969755
45          285.551130
CSV file modelled_likelihoods_weight4_2024-11-30.csv created at /Users/alexmann/Documents/Code_Learning/nhl_fromscratch/daily_odds/modelled_likelihoods_weight4_2024-11-30.csv.
Created table daily_ledger_scaled
Created table modelled_likelihoods
Fetching and storing player data with weights: x_10 = 5, x_2024 = 3, x_2023 = 2, x_2022 = 1
Using ledger: daily_ledger_scaled, model table: modelled_likelihoods
Found 0 players to model.
First 3 rows of daily_ledger_scaled:
   id        date  ...  initial_dollar_value  final_dollar_value
0   1  2024-10-11  ...            100.000000           89.476252
1   2  2024-10-15  ...             89.476252           89.682323
2   3  2024-10-16  ...             89.682323           77.235025

[3 rows x 6 columns]
Last 3 rows of daily_ledger_scaled:
    id        date  ...  initial_dollar_value  final_dollar_value
43  44  2024-11-26  ...            206.384400          219.455844
44  45  2024-11-27  ...            219.455844          229.352471
45  46  2024-11-29  ...            229.352471          209.348368

[3 rows x 6 columns]
Daily dollar amounts for daily_ledger_scaled:
    final_dollar_value
0            89.476252
1            89.682323
2            77.235025
3            80.249328
4            64.909206
5            64.252247
6            75.913401
7            84.016626
8            78.993494
9            76.374147
10           88.734853
11          105.043997
12          113.673053
13          120.330829
14          114.694700
15          135.760192
16          137.075912
17          143.850748
18          127.533273
19          123.890207
20          132.954623
21          137.242196
22          140.514624
23          153.428114
24          182.606369
25          211.739200
26          238.581855
27          188.800191
28          223.469888
29          233.253855
30          214.888589
31          233.632247
32          230.103068
33          263.341107
34          298.701481
35          336.570077
36          335.862110
37          362.287381
38          299.651444
39          281.058316
40          295.069576
41          327.511774
42          206.384400
43          219.455844
44          229.352471
45          209.348368
Python interpreter: /Users/alexmann/.pyenv/versions/3.9.16/bin/python3
Created table daily_ledger_scaled_weight4_twentiethOppositionFactor
Created table modelled_likelihoods_weight4_twentiethOppositionFactor
Fetching and storing player data with weights: x_10 = 4, x_2024 = 3, x_2023 = 2, x_2022 = 1
Using ledger: daily_ledger_scaled_weight4_wHalfOppositionFactor, model table: modelled_likelihoods_weight4_wHalfOppositionFactor
Found 22 players to model.
No valid game log data available for player ID: 8484387 before date 2024-11-29 for season 20232024.
No valid game log data available for player ID: 8484387 before date 2024-11-29 for season 20222023.
Matvei Michkov has less than 60 GP.
No valid game log data available for player ID: 8484387 before date 2024-11-29 for season 20232024.
No valid game log data available for player ID: 8484387 before date 2024-11-29 for season 20222023.
Matvei Michkov has less than 60 GP.
Matt Coronato has less than 60 GP.
Matt Coronato has less than 60 GP.
No valid game log data available for player ID: 8483445 before date 2024-11-29 for season 20222023.
Cutter Gauthier has less than 60 GP.
No valid game log data available for player ID: 8483445 before date 2024-11-29 for season 20222023.
Cutter Gauthier has less than 60 GP.
Brandt Clarke has less than 60 GP.
Brandt Clarke has less than 60 GP.
No valid game log data available for player ID: 8484801 before date 2024-11-29 for season 20232024.
No valid game log data available for player ID: 8484801 before date 2024-11-29 for season 20222023.
Macklin Celebrini has less than 60 GP.
No valid game log data available for player ID: 8484801 before date 2024-11-29 for season 20232024.
No valid game log data available for player ID: 8484801 before date 2024-11-29 for season 20222023.
Macklin Celebrini has less than 60 GP.
No valid game log data available for player ID: 8482702 before date 2024-11-29 for season 20222023.
Logan Stankoven has less than 60 GP.
No valid game log data available for player ID: 8482702 before date 2024-11-29 for season 20222023.
Logan Stankoven has less than 60 GP.
Fetching and storing player data with weights: x_10 = 4, x_2024 = 3, x_2023 = 2, x_2022 = 1
Using ledger: daily_ledger_scaled_weight4_tenthOppositionFactor, model table: modelled_likelihoods_weight4_tenthOppositionFactor
Found 22 players to model.
No valid game log data available for player ID: 8484387 before date 2024-11-29 for season 20232024.
No valid game log data available for player ID: 8484387 before date 2024-11-29 for season 20222023.
Matvei Michkov has less than 60 GP.
No valid game log data available for player ID: 8484387 before date 2024-11-29 for season 20232024.
No valid game log data available for player ID: 8484387 before date 2024-11-29 for season 20222023.
Matvei Michkov has less than 60 GP.
Matt Coronato has less than 60 GP.
Matt Coronato has less than 60 GP.
No valid game log data available for player ID: 8483445 before date 2024-11-29 for season 20222023.
Cutter Gauthier has less than 60 GP.
No valid game log data available for player ID: 8483445 before date 2024-11-29 for season 20222023.
Cutter Gauthier has less than 60 GP.
Brandt Clarke has less than 60 GP.
Brandt Clarke has less than 60 GP.
No valid game log data available for player ID: 8484801 before date 2024-11-29 for season 20232024.
No valid game log data available for player ID: 8484801 before date 2024-11-29 for season 20222023.
Macklin Celebrini has less than 60 GP.
No valid game log data available for player ID: 8484801 before date 2024-11-29 for season 20232024.
No valid game log data available for player ID: 8484801 before date 2024-11-29 for season 20222023.
Macklin Celebrini has less than 60 GP.
No valid game log data available for player ID: 8482702 before date 2024-11-29 for season 20222023.
Logan Stankoven has less than 60 GP.
No valid game log data available for player ID: 8482702 before date 2024-11-29 for season 20222023.
Logan Stankoven has less than 60 GP.
Fetching and storing player data with weights: x_10 = 4, x_2024 = 3, x_2023 = 2, x_2022 = 1
Using ledger: daily_ledger_scaled_weight4_twentiethOppositionFactor, model table: modelled_likelihoods_weight4_twentiethOppositionFactor
Found 22 players to model.
No valid game log data available for player ID: 8484387 before date 2024-11-29 for season 20232024.
No valid game log data available for player ID: 8484387 before date 2024-11-29 for season 20222023.
Matvei Michkov has less than 60 GP.
No valid game log data available for player ID: 8484387 before date 2024-11-29 for season 20232024.
No valid game log data available for player ID: 8484387 before date 2024-11-29 for season 20222023.
Matvei Michkov has less than 60 GP.
Matt Coronato has less than 60 GP.
Matt Coronato has less than 60 GP.
No valid game log data available for player ID: 8483445 before date 2024-11-29 for season 20222023.
Cutter Gauthier has less than 60 GP.
No valid game log data available for player ID: 8483445 before date 2024-11-29 for season 20222023.
Cutter Gauthier has less than 60 GP.
Brandt Clarke has less than 60 GP.
Brandt Clarke has less than 60 GP.
No valid game log data available for player ID: 8484801 before date 2024-11-29 for season 20232024.
No valid game log data available for player ID: 8484801 before date 2024-11-29 for season 20222023.
Macklin Celebrini has less than 60 GP.
No valid game log data available for player ID: 8484801 before date 2024-11-29 for season 20232024.
No valid game log data available for player ID: 8484801 before date 2024-11-29 for season 20222023.
Macklin Celebrini has less than 60 GP.
No valid game log data available for player ID: 8482702 before date 2024-11-29 for season 20222023.
Logan Stankoven has less than 60 GP.
No valid game log data available for player ID: 8482702 before date 2024-11-29 for season 20222023.
Logan Stankoven has less than 60 GP.
WARNING: Sum of suggested bets for date 2024-11-29 is greater than bankroll.
WARNING: Scaling all suggested bets for date 2024-11-29 by 0.43 to reduce bet volume below 100%.
WARNING: Sum of suggested bets for date 2024-11-29 is greater than bankroll.
WARNING: Scaling all suggested bets for date 2024-11-29 by 0.46 to reduce bet volume below 100%.
WARNING: Sum of suggested bets for date 2024-11-29 is greater than bankroll.
WARNING: Scaling all suggested bets for date 2024-11-29 by 0.46 to reduce bet volume below 100%.
CSV file modelled_likelihoods_weight4_tenthOppositionFactor_2024-11-30.csv created at /Users/alexmann/Documents/Code_Learning/nhl_fromscratch/daily_odds/modelled_likelihoods_weight4_tenthOppositionFactor_2024-11-30.csv.
Python interpreter: /Users/alexmann/.pyenv/versions/3.9.16/bin/python3
Fetching and storing player data with weights: x_10 = 5, x_2024 = 3, x_2023 = 2, x_2022 = 1
Using ledger: daily_ledger_scaled, model table: modelled_likelihoods
Found 22 players to model.
No valid game log data available for player ID: 8484387 before date 2024-11-29 for season 20232024.
No valid game log data available for player ID: 8484387 before date 2024-11-29 for season 20222023.
Matvei Michkov has less than 60 GP.
No valid game log data available for player ID: 8484387 before date 2024-11-29 for season 20232024.
No valid game log data available for player ID: 8484387 before date 2024-11-29 for season 20222023.
Matvei Michkov has less than 60 GP.
Matt Coronato has less than 60 GP.
Matt Coronato has less than 60 GP.
No valid game log data available for player ID: 8483445 before date 2024-11-29 for season 20222023.
Cutter Gauthier has less than 60 GP.
No valid game log data available for player ID: 8483445 before date 2024-11-29 for season 20222023.
Cutter Gauthier has less than 60 GP.
Brandt Clarke has less than 60 GP.
Brandt Clarke has less than 60 GP.
No valid game log data available for player ID: 8484801 before date 2024-11-29 for season 20232024.
No valid game log data available for player ID: 8484801 before date 2024-11-29 for season 20222023.
Macklin Celebrini has less than 60 GP.
No valid game log data available for player ID: 8484801 before date 2024-11-29 for season 20232024.
No valid game log data available for player ID: 8484801 before date 2024-11-29 for season 20222023.
Macklin Celebrini has less than 60 GP.
No valid game log data available for player ID: 8482702 before date 2024-11-29 for season 20222023.
Logan Stankoven has less than 60 GP.
No valid game log data available for player ID: 8482702 before date 2024-11-29 for season 20222023.
Logan Stankoven has less than 60 GP.
CSV file modelled_likelihoods_2024-11-30.csv created at /Users/alexmann/Documents/Code_Learning/nhl_fromscratch/daily_odds/modelled_likelihoods_2024-11-30.csv.
WARNING: Sum of suggested bets for date 2024-11-29 is greater than bankroll.
WARNING: Scaling all suggested bets for date 2024-11-29 by 0.49 to reduce bet volume below 100%.
Updated Ledger (daily_ledger_scaled_weight4):
[1, '2024-10-11', 24, '65.15', '100.00', '90.36']
[2, '2024-10-15', 45, '76.20', '90.36', '89.96']
[3, '2024-10-16', 22, '75.71', '89.96', '81.03']
[4, '2024-10-17', 45, '66.30', '81.03', '83.91']
[5, '2024-10-18', 24, '75.03', '83.91', '69.38']
[6, '2024-10-19', 45, '51.69', '69.38', '66.83']
[7, '2024-10-20', 5, '10.79', '66.83', '76.41']
[8, '2024-10-21', 7, '17.71', '76.41', '82.24']
[9, '2024-10-22', 39, '48.56', '82.24', '77.40']
[10, '2024-10-23', 6, '14.84', '77.40', '74.57']
[11, '2024-10-24', 37, '67.13', '74.57', '87.20']
[12, '2024-10-25', 18, '41.94', '87.20', '103.86']
[13, '2024-10-26', 45, '85.29', '103.86', '114.54']
[14, '2024-10-27', 29, '100.07', '114.54', '120.01']
[15, '2024-10-28', 39, '105.47', '120.01', '158.36']
[16, '2024-10-29', 26, '153.62', '158.36', '187.34']
[17, '2024-10-30', 45, '179.64', '187.34', '187.38']
[18, '2024-10-31', 39, '176.51', '187.38', '196.00']
[19, '2024-11-01', 40, '189.12', '196.00', '178.00']
[20, '2024-11-02', 42, '142.14', '178.00', '167.39']
[21, '2024-11-03', 24, '141.43', '167.39', '198.95']
[22, '2024-11-04', 12, '68.63', '198.95', '205.42']
[23, '2024-11-05', 44, '159.41', '205.42', '208.79']
[24, '2024-11-06', 19, '110.52', '208.79', '226.45']
[25, '2024-11-07', 45, '165.65', '226.45', '271.98']
[26, '2024-11-08', 21, '166.48', '271.98', '316.93']
[27, '2024-11-09', 44, '255.90', '316.93', '356.13']
[28, '2024-11-10', 23, '235.68', '356.13', '285.00']
[29, '2024-11-11', 23, '243.84', '285.00', '336.17']
[30, '2024-11-12', 36, '333.00', '336.17', '347.35']
[31, '2024-11-13', 30, '294.53', '347.35', '322.89']
[32, '2024-11-14', 42, '306.16', '322.89', '320.61']
[33, '2024-11-15', 25, '311.76', '320.61', '312.71']
[34, '2024-11-16', 45, '245.34', '312.71', '367.20']
[35, '2024-11-17', 29, '304.08', '367.20', '421.34']
[36, '2024-11-18', 35, '398.81', '421.34', '466.64']
[37, '2024-11-19', 26, '456.40', '466.64', '455.60']
[38, '2024-11-20', 32, '411.44', '455.60', '501.95']
[39, '2024-11-21', 43, '447.15', '501.95', '404.10']
[40, '2024-11-22', 8, '95.56', '404.10', '377.87']
[41, '2024-11-23', 42, '264.58', '377.87', '397.78']
[42, '2024-11-24', 4, '51.91', '397.78', '445.88']
[43, '2024-11-25', 43, '389.77', '445.88', '280.33']
[44, '2024-11-26', 13, '138.61', '280.33', '297.01']
[45, '2024-11-27', 41, '208.99', '297.01', '318.97']
[46, '2024-11-29', 40, '242.99', '318.97', '285.55']
Updated Ledger (daily_ledger_scaled_weight4_tenthOppositionFactor):
[1, '2024-10-11', 24, '65.23', '100.00', '90.33']
[2, '2024-10-15', 46, '76.61', '90.33', '90.71']
[3, '2024-10-16', 23, '76.77', '90.71', '82.84']
[4, '2024-10-17', 48, '70.10', '82.84', '86.08']
[5, '2024-10-18', 24, '74.66', '86.08', '71.21']
[6, '2024-10-19', 45, '52.93', '71.21', '68.37']
[7, '2024-10-20', 5, '11.01', '68.37', '78.47']
[8, '2024-10-21', 6, '17.14', '78.47', '84.90']
[9, '2024-10-22', 37, '48.63', '84.90', '76.10']
[10, '2024-10-23', 6, '14.50', '76.10', '73.25']
[11, '2024-10-24', 36, '64.12', '73.25', '86.27']
[12, '2024-10-25', 19, '42.34', '86.27', '101.65']
[13, '2024-10-26', 45, '84.61', '101.65', '114.68']
[14, '2024-10-27', 30, '95.42', '114.68', '119.23']
[15, '2024-10-28', 39, '105.41', '119.23', '109.93']
[16, '2024-10-29', 42, '101.31', '109.93', '133.39']
[17, '2024-10-30', 43, '128.94', '133.39', '136.66']
[18, '2024-10-31', 40, '129.26', '136.66', '141.58']
[19, '2024-11-01', 39, '132.80', '141.58', '129.92']
[20, '2024-11-02', 42, '104.15', '129.92', '123.79']
[21, '2024-11-03', 24, '103.10', '123.79', '146.35']
[22, '2024-11-04', 12, '47.38', '146.35', '148.23']
[23, '2024-11-05', 45, '120.19', '148.23', '169.80']
[24, '2024-11-06', 17, '85.81', '169.80', '188.13']
[25, '2024-11-07', 45, '129.50', '188.13', '211.63']
[26, '2024-11-08', 29, '180.04', '211.63', '262.46']
[27, '2024-11-09', 47, '209.37', '262.46', '290.83']
[28, '2024-11-10', 21, '181.29', '290.83', '235.44']
[29, '2024-11-11', 38, '231.14', '235.44', '259.07']
[30, '2024-11-12', 23, '216.74', '259.07', '322.87']
[31, '2024-11-13', 35, '322.87', '322.87', '388.74']
[32, '2024-11-14', 25, '330.80', '388.74', '407.24']
[33, '2024-11-15', 35, '400.85', '407.24', '468.56']
[34, '2024-11-16', 49, '404.61', '468.56', '527.06']
[35, '2024-11-17', 22, '338.63', '527.06', '528.55']
[36, '2024-11-18', 22, '494.09', '528.55', '536.42']
[37, '2024-11-19', 25, '515.73', '536.42', '523.85']
[38, '2024-11-20', 23, '378.44', '523.85', '736.39']
[39, '2024-11-21', 43, '626.65', '736.39', '717.22']
[40, '2024-11-22', 10, '206.39', '717.22', '675.39']
[41, '2024-11-23', 41, '455.28', '675.39', '635.01']
[42, '2024-11-24', 4, '81.52', '635.01', '714.39']
[43, '2024-11-25', 41, '577.21', '714.39', '546.21']
[44, '2024-11-26', 13, '258.76', '546.21', '578.84']
[45, '2024-11-27', 39, '413.56', '578.84', '612.04']
[46, '2024-11-29', 41, '466.36', '612.04', '539.68']
