/Users/alexmann/Library/Python/3.9/lib/python/site-packages/urllib3/__init__.py:35: NotOpenSSLWarning: urllib3 v2 only supports OpenSSL 1.1.1+, currently the 'ssl' module is compiled with 'LibreSSL 2.8.3'. See: https://github.com/urllib3/urllib3/issues/3020
  warnings.warn(
Traceback (most recent call last):
  File "/Users/alexmann/Library/Python/3.9/lib/python/site-packages/urllib3/connection.py", line 199, in _new_conn
    sock = connection.create_connection(
  File "/Users/alexmann/Library/Python/3.9/lib/python/site-packages/urllib3/util/connection.py", line 60, in create_connection
    for res in socket.getaddrinfo(host, port, family, socket.SOCK_STREAM):
  File "/Library/Developer/CommandLineTools/Library/Frameworks/Python3.framework/Versions/3.9/lib/python3.9/socket.py", line 953, in getaddrinfo
    for res in _socket.getaddrinfo(host, port, family, type, proto, flags):
socket.gaierror: [Errno 8] nodename nor servname provided, or not known

The above exception was the direct cause of the following exception:

Traceback (most recent call last):
  File "/Users/alexmann/Library/Python/3.9/lib/python/site-packages/urllib3/connectionpool.py", line 789, in urlopen
    response = self._make_request(
  File "/Users/alexmann/Library/Python/3.9/lib/python/site-packages/urllib3/connectionpool.py", line 490, in _make_request
    raise new_e
  File "/Users/alexmann/Library/Python/3.9/lib/python/site-packages/urllib3/connectionpool.py", line 466, in _make_request
    self._validate_conn(conn)
  File "/Users/alexmann/Library/Python/3.9/lib/python/site-packages/urllib3/connectionpool.py", line 1095, in _validate_conn
    conn.connect()
  File "/Users/alexmann/Library/Python/3.9/lib/python/site-packages/urllib3/connection.py", line 693, in connect
    self.sock = sock = self._new_conn()
  File "/Users/alexmann/Library/Python/3.9/lib/python/site-packages/urllib3/connection.py", line 206, in _new_conn
    raise NameResolutionError(self.host, self, e) from e
urllib3.exceptions.NameResolutionError: <urllib3.connection.HTTPSConnection object at 0x103ec9430>: Failed to resolve 'api.the-odds-api.com' ([Errno 8] nodename nor servname provided, or not known)

The above exception was the direct cause of the following exception:

Traceback (most recent call last):
  File "/Users/alexmann/Library/Python/3.9/lib/python/site-packages/requests/adapters.py", line 667, in send
    resp = conn.urlopen(
  File "/Users/alexmann/Library/Python/3.9/lib/python/site-packages/urllib3/connectionpool.py", line 843, in urlopen
    retries = retries.increment(
  File "/Users/alexmann/Library/Python/3.9/lib/python/site-packages/urllib3/util/retry.py", line 519, in increment
    raise MaxRetryError(_pool, url, reason) from reason  # type: ignore[arg-type]
urllib3.exceptions.MaxRetryError: HTTPSConnectionPool(host='api.the-odds-api.com', port=443): Max retries exceeded with url: /v4/sports/icehockey_nhl/events?api_key=204b8940e5d4c9be1a3ab2e8192a286f&regions=us&dateFormat=iso (Caused by NameResolutionError("<urllib3.connection.HTTPSConnection object at 0x103ec9430>: Failed to resolve 'api.the-odds-api.com' ([Errno 8] nodename nor servname provided, or not known)"))

During handling of the above exception, another exception occurred:

Traceback (most recent call last):
  File "/Users/alexmann/Documents/Code_Learning/nhl_fromscratch/odds_api_main.py", line 28, in <module>
    events_response = requests.get(
  File "/Users/alexmann/Library/Python/3.9/lib/python/site-packages/requests/api.py", line 73, in get
    return request("get", url, params=params, **kwargs)
  File "/Users/alexmann/Library/Python/3.9/lib/python/site-packages/requests/api.py", line 59, in request
    return session.request(method=method, url=url, **kwargs)
  File "/Users/alexmann/Library/Python/3.9/lib/python/site-packages/requests/sessions.py", line 589, in request
    resp = self.send(prep, **send_kwargs)
  File "/Users/alexmann/Library/Python/3.9/lib/python/site-packages/requests/sessions.py", line 703, in send
    r = adapter.send(request, **kwargs)
  File "/Users/alexmann/Library/Python/3.9/lib/python/site-packages/requests/adapters.py", line 700, in send
    raise ConnectionError(e, request=request)
requests.exceptions.ConnectionError: HTTPSConnectionPool(host='api.the-odds-api.com', port=443): Max retries exceeded with url: /v4/sports/icehockey_nhl/events?api_key=204b8940e5d4c9be1a3ab2e8192a286f&regions=us&dateFormat=iso (Caused by NameResolutionError("<urllib3.connection.HTTPSConnection object at 0x103ec9430>: Failed to resolve 'api.the-odds-api.com' ([Errno 8] nodename nor servname provided, or not known)"))
/Users/alexmann/Library/Python/3.9/lib/python/site-packages/urllib3/__init__.py:35: NotOpenSSLWarning: urllib3 v2 only supports OpenSSL 1.1.1+, currently the 'ssl' module is compiled with 'LibreSSL 2.8.3'. See: https://github.com/urllib3/urllib3/issues/3020
  warnings.warn(
Fetching and storing player data with weights: x_10 = 5, x_2024 = 3, x_2023 = 2, x_2022 = 1
Using ledger: daily_ledger_scaled, model table: modelled_likelihoods
Found 0 players to model.
Python interpreter: /Users/alexmann/.pyenv/versions/3.9.16/bin/python3
Traceback (most recent call last):
  File "/Users/alexmann/.pyenv/versions/3.9.16/lib/python3.9/site-packages/urllib3/connection.py", line 199, in _new_conn
    sock = connection.create_connection(
  File "/Users/alexmann/.pyenv/versions/3.9.16/lib/python3.9/site-packages/urllib3/util/connection.py", line 60, in create_connection
    for res in socket.getaddrinfo(host, port, family, socket.SOCK_STREAM):
  File "/Users/alexmann/.pyenv/versions/3.9.16/lib/python3.9/socket.py", line 954, in getaddrinfo
    for res in _socket.getaddrinfo(host, port, family, type, proto, flags):
socket.gaierror: [Errno 8] nodename nor servname provided, or not known

The above exception was the direct cause of the following exception:

Traceback (most recent call last):
  File "/Users/alexmann/.pyenv/versions/3.9.16/lib/python3.9/site-packages/urllib3/connectionpool.py", line 789, in urlopen
    response = self._make_request(
  File "/Users/alexmann/.pyenv/versions/3.9.16/lib/python3.9/site-packages/urllib3/connectionpool.py", line 490, in _make_request
    raise new_e
  File "/Users/alexmann/.pyenv/versions/3.9.16/lib/python3.9/site-packages/urllib3/connectionpool.py", line 466, in _make_request
    self._validate_conn(conn)
  File "/Users/alexmann/.pyenv/versions/3.9.16/lib/python3.9/site-packages/urllib3/connectionpool.py", line 1095, in _validate_conn
    conn.connect()
  File "/Users/alexmann/.pyenv/versions/3.9.16/lib/python3.9/site-packages/urllib3/connection.py", line 693, in connect
    self.sock = sock = self._new_conn()
  File "/Users/alexmann/.pyenv/versions/3.9.16/lib/python3.9/site-packages/urllib3/connection.py", line 206, in _new_conn
    raise NameResolutionError(self.host, self, e) from e
urllib3.exceptions.NameResolutionError: <urllib3.connection.HTTPSConnection object at 0x11bec2e80>: Failed to resolve 'api.nhle.com' ([Errno 8] nodename nor servname provided, or not known)

The above exception was the direct cause of the following exception:

Traceback (most recent call last):
  File "/Users/alexmann/.pyenv/versions/3.9.16/lib/python3.9/site-packages/requests/adapters.py", line 667, in send
    resp = conn.urlopen(
  File "/Users/alexmann/.pyenv/versions/3.9.16/lib/python3.9/site-packages/urllib3/connectionpool.py", line 843, in urlopen
    retries = retries.increment(
  File "/Users/alexmann/.pyenv/versions/3.9.16/lib/python3.9/site-packages/urllib3/util/retry.py", line 519, in increment
    raise MaxRetryError(_pool, url, reason) from reason  # type: ignore[arg-type]
urllib3.exceptions.MaxRetryError: HTTPSConnectionPool(host='api.nhle.com', port=443): Max retries exceeded with url: /stats/rest/en/team/summary?sort=shotsForPerGame&cayenneExp=seasonId=20242025%20and%20gameTypeId=2 (Caused by NameResolutionError("<urllib3.connection.HTTPSConnection object at 0x11bec2e80>: Failed to resolve 'api.nhle.com' ([Errno 8] nodename nor servname provided, or not known)"))

During handling of the above exception, another exception occurred:

Traceback (most recent call last):
  File "/Users/alexmann/Documents/Code_Learning/nhl_fromscratch/main.py", line 99, in <module>
    main()
  File "/Users/alexmann/Documents/Code_Learning/nhl_fromscratch/main.py", line 58, in main
    daily_factor_update()
  File "/Users/alexmann/Documents/Code_Learning/nhl_fromscratch/team_avg_SA.py", line 72, in daily_factor_update
    team_stats = get_team_stats()
  File "/Users/alexmann/Documents/Code_Learning/nhl_fromscratch/team_avg_SA.py", line 11, in get_team_stats
    response = requests.get(team_shots_url)
  File "/Users/alexmann/.pyenv/versions/3.9.16/lib/python3.9/site-packages/requests/api.py", line 73, in get
    return request("get", url, params=params, **kwargs)
  File "/Users/alexmann/.pyenv/versions/3.9.16/lib/python3.9/site-packages/requests/api.py", line 59, in request
    return session.request(method=method, url=url, **kwargs)
  File "/Users/alexmann/.pyenv/versions/3.9.16/lib/python3.9/site-packages/requests/sessions.py", line 589, in request
    resp = self.send(prep, **send_kwargs)
  File "/Users/alexmann/.pyenv/versions/3.9.16/lib/python3.9/site-packages/requests/sessions.py", line 703, in send
    r = adapter.send(request, **kwargs)
  File "/Users/alexmann/.pyenv/versions/3.9.16/lib/python3.9/site-packages/requests/adapters.py", line 700, in send
    raise ConnectionError(e, request=request)
requests.exceptions.ConnectionError: HTTPSConnectionPool(host='api.nhle.com', port=443): Max retries exceeded with url: /stats/rest/en/team/summary?sort=shotsForPerGame&cayenneExp=seasonId=20242025%20and%20gameTypeId=2 (Caused by NameResolutionError("<urllib3.connection.HTTPSConnection object at 0x11bec2e80>: Failed to resolve 'api.nhle.com' ([Errno 8] nodename nor servname provided, or not known)"))
Processing Dallas Stars at Carolina Hurricanes, ID: 6787bc1150e6cb648b432576d63feb92
Processing Colorado Avalanche at Tampa Bay Lightning, ID: caf745d6a429849a2d93f08e4cfc4e8b
Processing Washington Capitals at Florida Panthers, ID: 1cc07e6c53d6b82bcc2e36cd45a2329a
Processing Nashville Predators at New Jersey Devils, ID: 99f2167a545d143c6f1468d7bbd925a7
Processing St Louis Blues at New York Rangers, ID: 380cf4fa9fb30b64b851a24f2fd40cba
Processing Vegas Golden Knights at Philadelphia Flyers, ID: 71adbd30fe76d7636db85e2246f8c851
Processing Calgary Flames at Ottawa Senators, ID: 54e596facd156f310cff19f619f96105
Processing Detroit Red Wings at New York Islanders, ID: 8d6be3ef6a49730324a0b1be29066ab2
Processing Winnipeg Jets at Minnesota Wild, ID: 32a958c4c454f56828c112213f270e5f
Processing Seattle Kraken at Anaheim Ducks, ID: 13ab39e6e1784e888d04ee72db6bb400
Processing Los Angeles Kings at San Jose Sharks, ID: 330b7f8ca917e9ec2f274a0d1f36b11e
Player: Alex Laferriere
  Bookmaker: FanDuel, Over/Under: Over, Price: 2.14, Points: 2.5, Home Team: San Jose Sharks, Away Team: Los Angeles Kings
  Bookmaker: FanDuel, Over/Under: Under, Price: 1.68, Points: 2.5, Home Team: San Jose Sharks, Away Team: Los Angeles Kings
  Bookmaker: BetOnline.ag, Over/Under: Under, Price: 1.69, Points: 2.5, Home Team: San Jose Sharks, Away Team: Los Angeles Kings
  Bookmaker: BetOnline.ag, Over/Under: Over, Price: 2.12, Points: 2.5, Home Team: San Jose Sharks, Away Team: Los Angeles Kings
  Bookmaker: BetMGM, Over/Under: Over, Price: 2.1, Points: 2.5, Home Team: San Jose Sharks, Away Team: Los Angeles Kings
  Bookmaker: BetMGM, Over/Under: Under, Price: 1.67, Points: 2.5, Home Team: San Jose Sharks, Away Team: Los Angeles Kings
Player: Warren Foegele
  Bookmaker: FanDuel, Over/Under: Over, Price: 2.04, Points: 2.5, Home Team: San Jose Sharks, Away Team: Los Angeles Kings
  Bookmaker: FanDuel, Over/Under: Under, Price: 1.74, Points: 2.5, Home Team: San Jose Sharks, Away Team: Los Angeles Kings
  Bookmaker: BetOnline.ag, Over/Under: Under, Price: 1.75, Points: 2.5, Home Team: San Jose Sharks, Away Team: Los Angeles Kings
  Bookmaker: BetOnline.ag, Over/Under: Over, Price: 2.03, Points: 2.5, Home Team: San Jose Sharks, Away Team: Los Angeles Kings
  Bookmaker: BetMGM, Over/Under: Over, Price: 2.0, Points: 2.5, Home Team: San Jose Sharks, Away Team: Los Angeles Kings
  Bookmaker: BetMGM, Over/Under: Under, Price: 1.74, Points: 2.5, Home Team: San Jose Sharks, Away Team: Los Angeles Kings
Player: Anze Kopitar
  Bookmaker: FanDuel, Over/Under: Over, Price: 1.72, Points: 1.5, Home Team: San Jose Sharks, Away Team: Los Angeles Kings
  Bookmaker: FanDuel, Over/Under: Under, Price: 2.06, Points: 1.5, Home Team: San Jose Sharks, Away Team: Los Angeles Kings
  Bookmaker: BetOnline.ag, Over/Under: Under, Price: 2.07, Points: 1.5, Home Team: San Jose Sharks, Away Team: Los Angeles Kings
  Bookmaker: BetOnline.ag, Over/Under: Over, Price: 1.72, Points: 1.5, Home Team: San Jose Sharks, Away Team: Los Angeles Kings
  Bookmaker: BetMGM, Over/Under: Over, Price: 1.71, Points: 1.5, Home Team: San Jose Sharks, Away Team: Los Angeles Kings
  Bookmaker: BetMGM, Over/Under: Under, Price: 2.05, Points: 1.5, Home Team: San Jose Sharks, Away Team: Los Angeles Kings
Player: Trevor Moore
  Bookmaker: FanDuel, Over/Under: Over, Price: 1.78, Points: 2.5, Home Team: San Jose Sharks, Away Team: Los Angeles Kings
  Bookmaker: FanDuel, Over/Under: Under, Price: 1.98, Points: 2.5, Home Team: San Jose Sharks, Away Team: Los Angeles Kings
  Bookmaker: BetOnline.ag, Over/Under: Under, Price: 1.96, Points: 2.5, Home Team: San Jose Sharks, Away Team: Los Angeles Kings
  Bookmaker: BetOnline.ag, Over/Under: Over, Price: 1.81, Points: 2.5, Home Team: San Jose Sharks, Away Team: Los Angeles Kings
  Bookmaker: BetMGM, Over/Under: Over, Price: 1.77, Points: 2.5, Home Team: San Jose Sharks, Away Team: Los Angeles Kings
  Bookmaker: BetMGM, Over/Under: Under, Price: 1.95, Points: 2.5, Home Team: San Jose Sharks, Away Team: Los Angeles Kings
Player: Jake Walman
  Bookmaker: FanDuel, Over/Under: Over, Price: 1.51, Points: 1.5, Home Team: San Jose Sharks, Away Team: Los Angeles Kings
  Bookmaker: FanDuel, Over/Under: Under, Price: 2.5, Points: 1.5, Home Team: San Jose Sharks, Away Team: Los Angeles Kings
  Bookmaker: DraftKings, Over/Under: Over, Price: 1.53, Points: 1.5, Home Team: San Jose Sharks, Away Team: Los Angeles Kings
  Bookmaker: DraftKings, Over/Under: Under, Price: 2.45, Points: 1.5, Home Team: San Jose Sharks, Away Team: Los Angeles Kings
  Bookmaker: BetOnline.ag, Over/Under: Over, Price: 1.51, Points: 1.5, Home Team: San Jose Sharks, Away Team: Los Angeles Kings
  Bookmaker: BetOnline.ag, Over/Under: Under, Price: 2.49, Points: 1.5, Home Team: San Jose Sharks, Away Team: Los Angeles Kings
  Bookmaker: BetMGM, Over/Under: Over, Price: 1.5, Points: 1.5, Home Team: San Jose Sharks, Away Team: Los Angeles Kings
  Bookmaker: BetMGM, Over/Under: Under, Price: 2.45, Points: 1.5, Home Team: San Jose Sharks, Away Team: Los Angeles Kings
Player: Kevin Fiala
  Bookmaker: FanDuel, Over/Under: Over, Price: 1.71, Points: 2.5, Home Team: San Jose Sharks, Away Team: Los Angeles Kings
  Bookmaker: FanDuel, Over/Under: Under, Price: 2.08, Points: 2.5, Home Team: San Jose Sharks, Away Team: Los Angeles Kings
  Bookmaker: BetOnline.ag, Over/Under: Over, Price: 1.68, Points: 2.5, Home Team: San Jose Sharks, Away Team: Los Angeles Kings
  Bookmaker: BetOnline.ag, Over/Under: Under, Price: 2.14, Points: 2.5, Home Team: San Jose Sharks, Away Team: Los Angeles Kings
  Bookmaker: BetMGM, Over/Under: Over, Price: 1.67, Points: 2.5, Home Team: San Jose Sharks, Away Team: Los Angeles Kings
  Bookmaker: BetMGM, Over/Under: Under, Price: 2.1, Points: 2.5, Home Team: San Jose Sharks, Away Team: Los Angeles Kings
Player: Tyler Toffoli
  Bookmaker: FanDuel, Over/Under: Over, Price: 1.87, Points: 2.5, Home Team: San Jose Sharks, Away Team: Los Angeles Kings
  Bookmaker: FanDuel, Over/Under: Under, Price: 1.88, Points: 2.5, Home Team: San Jose Sharks, Away Team: Los Angeles Kings
  Bookmaker: BetOnline.ag, Over/Under: Over, Price: 1.88, Points: 2.5, Home Team: San Jose Sharks, Away Team: Los Angeles Kings
  Bookmaker: BetOnline.ag, Over/Under: Under, Price: 1.88, Points: 2.5, Home Team: San Jose Sharks, Away Team: Los Angeles Kings
  Bookmaker: BetMGM, Over/Under: Over, Price: 1.87, Points: 2.5, Home Team: San Jose Sharks, Away Team: Los Angeles Kings
  Bookmaker: BetMGM, Over/Under: Under, Price: 1.83, Points: 2.5, Home Team: San Jose Sharks, Away Team: Los Angeles Kings
Player: Quinton Byfield
  Bookmaker: FanDuel, Over/Under: Over, Price: 2.46, Points: 2.5, Home Team: San Jose Sharks, Away Team: Los Angeles Kings
  Bookmaker: FanDuel, Over/Under: Under, Price: 1.52, Points: 2.5, Home Team: San Jose Sharks, Away Team: Los Angeles Kings
  Bookmaker: BetOnline.ag, Over/Under: Over, Price: 2.46, Points: 2.5, Home Team: San Jose Sharks, Away Team: Los Angeles Kings
  Bookmaker: BetOnline.ag, Over/Under: Under, Price: 1.52, Points: 2.5, Home Team: San Jose Sharks, Away Team: Los Angeles Kings
  Bookmaker: BetMGM, Over/Under: Over, Price: 1.5, Points: 1.5, Home Team: San Jose Sharks, Away Team: Los Angeles Kings
  Bookmaker: BetMGM, Over/Under: Under, Price: 2.4, Points: 1.5, Home Team: San Jose Sharks, Away Team: Los Angeles Kings
Player: Mikael Granlund
  Bookmaker: FanDuel, Over/Under: Over, Price: 2.54, Points: 2.5, Home Team: San Jose Sharks, Away Team: Los Angeles Kings
  Bookmaker: FanDuel, Over/Under: Under, Price: 1.49, Points: 2.5, Home Team: San Jose Sharks, Away Team: Los Angeles Kings
  Bookmaker: BetOnline.ag, Over/Under: Under, Price: 1.5, Points: 2.5, Home Team: San Jose Sharks, Away Team: Los Angeles Kings
  Bookmaker: BetOnline.ag, Over/Under: Over, Price: 2.52, Points: 2.5, Home Team: San Jose Sharks, Away Team: Los Angeles Kings
  Bookmaker: BetMGM, Over/Under: Over, Price: 1.5, Points: 1.5, Home Team: San Jose Sharks, Away Team: Los Angeles Kings
  Bookmaker: BetMGM, Over/Under: Under, Price: 2.45, Points: 1.5, Home Team: San Jose Sharks, Away Team: Los Angeles Kings
Player: Adrian Kempe
  Bookmaker: FanDuel, Over/Under: Over, Price: 2.0, Points: 3.5, Home Team: San Jose Sharks, Away Team: Los Angeles Kings
  Bookmaker: FanDuel, Over/Under: Under, Price: 1.77, Points: 3.5, Home Team: San Jose Sharks, Away Team: Los Angeles Kings
  Bookmaker: BetOnline.ag, Over/Under: Under, Price: 1.73, Points: 3.5, Home Team: San Jose Sharks, Away Team: Los Angeles Kings
  Bookmaker: BetOnline.ag, Over/Under: Over, Price: 2.06, Points: 3.5, Home Team: San Jose Sharks, Away Team: Los Angeles Kings
  Bookmaker: BetMGM, Over/Under: Over, Price: 2.0, Points: 3.5, Home Team: San Jose Sharks, Away Team: Los Angeles Kings
  Bookmaker: BetMGM, Over/Under: Under, Price: 1.71, Points: 3.5, Home Team: San Jose Sharks, Away Team: Los Angeles Kings
Player: Brandt Clarke
  Bookmaker: FanDuel, Over/Under: Over, Price: 1.49, Points: 1.5, Home Team: San Jose Sharks, Away Team: Los Angeles Kings
  Bookmaker: FanDuel, Over/Under: Under, Price: 2.54, Points: 1.5, Home Team: San Jose Sharks, Away Team: Los Angeles Kings
  Bookmaker: DraftKings, Over/Under: Over, Price: 1.49, Points: 1.5, Home Team: San Jose Sharks, Away Team: Los Angeles Kings
  Bookmaker: DraftKings, Over/Under: Under, Price: 2.55, Points: 1.5, Home Team: San Jose Sharks, Away Team: Los Angeles Kings
  Bookmaker: BetOnline.ag, Over/Under: Under, Price: 2.52, Points: 1.5, Home Team: San Jose Sharks, Away Team: Los Angeles Kings
  Bookmaker: BetOnline.ag, Over/Under: Over, Price: 1.5, Points: 1.5, Home Team: San Jose Sharks, Away Team: Los Angeles Kings
  Bookmaker: BetMGM, Over/Under: Over, Price: 1.5, Points: 1.5, Home Team: San Jose Sharks, Away Team: Los Angeles Kings
  Bookmaker: BetMGM, Over/Under: Under, Price: 2.45, Points: 1.5, Home Team: San Jose Sharks, Away Team: Los Angeles Kings
Player: Macklin Celebrini
  Bookmaker: FanDuel, Over/Under: Over, Price: 1.83, Points: 2.5, Home Team: San Jose Sharks, Away Team: Los Angeles Kings
  Bookmaker: FanDuel, Over/Under: Under, Price: 1.93, Points: 2.5, Home Team: San Jose Sharks, Away Team: Los Angeles Kings
  Bookmaker: BetOnline.ag, Over/Under: Over, Price: 1.89, Points: 2.5, Home Team: San Jose Sharks, Away Team: Los Angeles Kings
  Bookmaker: BetOnline.ag, Over/Under: Under, Price: 1.87, Points: 2.5, Home Team: San Jose Sharks, Away Team: Los Angeles Kings
  Bookmaker: BetMGM, Over/Under: Over, Price: 1.91, Points: 2.5, Home Team: San Jose Sharks, Away Team: Los Angeles Kings
  Bookmaker: BetMGM, Over/Under: Under, Price: 1.83, Points: 2.5, Home Team: San Jose Sharks, Away Team: Los Angeles Kings
Player: Fabian Zetterlund
  Bookmaker: FanDuel, Over/Under: Over, Price: 2.48, Points: 2.5, Home Team: San Jose Sharks, Away Team: Los Angeles Kings
  Bookmaker: FanDuel, Over/Under: Under, Price: 1.51, Points: 2.5, Home Team: San Jose Sharks, Away Team: Los Angeles Kings
  Bookmaker: BetOnline.ag, Over/Under: Over, Price: 2.52, Points: 2.5, Home Team: San Jose Sharks, Away Team: Los Angeles Kings
  Bookmaker: BetOnline.ag, Over/Under: Under, Price: 1.5, Points: 2.5, Home Team: San Jose Sharks, Away Team: Los Angeles Kings
  Bookmaker: BetMGM, Over/Under: Over, Price: 2.4, Points: 2.5, Home Team: San Jose Sharks, Away Team: Los Angeles Kings
  Bookmaker: BetMGM, Over/Under: Under, Price: 1.5, Points: 2.5, Home Team: San Jose Sharks, Away Team: Los Angeles Kings
Player: Phillip Danault
  Bookmaker: BetOnline.ag, Over/Under: Under, Price: 2.2, Points: 1.5, Home Team: San Jose Sharks, Away Team: Los Angeles Kings
  Bookmaker: BetOnline.ag, Over/Under: Over, Price: 1.64, Points: 1.5, Home Team: San Jose Sharks, Away Team: Los Angeles Kings
  Bookmaker: BetMGM, Over/Under: Over, Price: 1.65, Points: 1.5, Home Team: San Jose Sharks, Away Team: Los Angeles Kings
  Bookmaker: BetMGM, Over/Under: Under, Price: 2.15, Points: 1.5, Home Team: San Jose Sharks, Away Team: Los Angeles Kings
Used requests: 177
Remaining requests: 323
Fetching and storing player data with weights: x_10 = 5, x_2024 = 3, x_2023 = 2, x_2022 = 1
Using ledger: daily_ledger_scaled, model table: modelled_likelihoods
Found 310 players to model.
No valid game log data available for player ID: 8482702 before date 2024-11-25 for season 20222023.
Logan Stankoven has less than 60 GP.
No valid game log data available for player ID: 8482702 before date 2024-11-25 for season 20222023.
Logan Stankoven has less than 60 GP.
Player Oskar Back not found in either team Carolina Hurricanes (CAR) or team Dallas Stars (DAL) roster.
Player Oskar Back not found in either team Carolina Hurricanes (CAR) or team Dallas Stars (DAL) roster.
No valid game log data available for player ID: 8484387 before date 2024-11-25 for season 20232024.
No valid game log data available for player ID: 8484387 before date 2024-11-25 for season 20222023.
Matvei Michkov has less than 60 GP.
No valid game log data available for player ID: 8484387 before date 2024-11-25 for season 20232024.
No valid game log data available for player ID: 8484387 before date 2024-11-25 for season 20222023.
Matvei Michkov has less than 60 GP.
No valid game log data available for player ID: 8476461 before date 2024-11-25 for season 20222023.
No valid game log data available for player ID: 8476461 before date 2024-11-25 for season 20222023.
Matt Coronato has less than 60 GP.
Matt Coronato has less than 60 GP.
No valid game log data available for player ID: 8482074 before date 2024-11-25 for season 20222023.
No valid game log data available for player ID: 8482074 before date 2024-11-25 for season 20222023.
No valid game log data available for player ID: 8484958 before date 2024-11-25 for season 20232024.
No valid game log data available for player ID: 8484958 before date 2024-11-25 for season 20222023.
Maxim Tsyplakov has less than 60 GP.
No valid game log data available for player ID: 8484958 before date 2024-11-25 for season 20232024.
No valid game log data available for player ID: 8484958 before date 2024-11-25 for season 20222023.
Maxim Tsyplakov has less than 60 GP.
No valid game log data available for player ID: 8484153 before date 2024-11-25 for season 20222023.
No valid game log data available for player ID: 8484153 before date 2024-11-25 for season 20222023.
No valid game log data available for player ID: 8483445 before date 2024-11-25 for season 20222023.
Cutter Gauthier has less than 60 GP.
No valid game log data available for player ID: 8483445 before date 2024-11-25 for season 20222023.
Cutter Gauthier has less than 60 GP.
No valid game log data available for player ID: 8482803 before date 2024-11-25 for season 20222023.
Olen Zellweger has less than 60 GP.
No valid game log data available for player ID: 8482803 before date 2024-11-25 for season 20222023.
Olen Zellweger has less than 60 GP.
No valid game log data available for player ID: 8482155 before date 2024-11-25 for season 20222023.
No valid game log data available for player ID: 8482155 before date 2024-11-25 for season 20222023.
Traceback (most recent call last):
  File "/Users/alexmann/.pyenv/versions/3.9.16/lib/python3.9/site-packages/urllib3/connectionpool.py", line 466, in _make_request
    self._validate_conn(conn)
  File "/Users/alexmann/.pyenv/versions/3.9.16/lib/python3.9/site-packages/urllib3/connectionpool.py", line 1095, in _validate_conn
    conn.connect()
  File "/Users/alexmann/.pyenv/versions/3.9.16/lib/python3.9/site-packages/urllib3/connection.py", line 730, in connect
    sock_and_verified = _ssl_wrap_socket_and_match_hostname(
  File "/Users/alexmann/.pyenv/versions/3.9.16/lib/python3.9/site-packages/urllib3/connection.py", line 909, in _ssl_wrap_socket_and_match_hostname
    ssl_sock = ssl_wrap_socket(
  File "/Users/alexmann/.pyenv/versions/3.9.16/lib/python3.9/site-packages/urllib3/util/ssl_.py", line 469, in ssl_wrap_socket
    ssl_sock = _ssl_wrap_socket_impl(sock, context, tls_in_tls, server_hostname)
  File "/Users/alexmann/.pyenv/versions/3.9.16/lib/python3.9/site-packages/urllib3/util/ssl_.py", line 513, in _ssl_wrap_socket_impl
    return ssl_context.wrap_socket(sock, server_hostname=server_hostname)
  File "/Users/alexmann/.pyenv/versions/3.9.16/lib/python3.9/ssl.py", line 501, in wrap_socket
    return self.sslsocket_class._create(
  File "/Users/alexmann/.pyenv/versions/3.9.16/lib/python3.9/ssl.py", line 1041, in _create
    self.do_handshake()
  File "/Users/alexmann/.pyenv/versions/3.9.16/lib/python3.9/ssl.py", line 1310, in do_handshake
    self._sslobj.do_handshake()
ssl.SSLZeroReturnError: TLS/SSL connection has been closed (EOF) (_ssl.c:1129)

During handling of the above exception, another exception occurred:

Traceback (most recent call last):
  File "/Users/alexmann/.pyenv/versions/3.9.16/lib/python3.9/site-packages/urllib3/connectionpool.py", line 789, in urlopen
    response = self._make_request(
  File "/Users/alexmann/.pyenv/versions/3.9.16/lib/python3.9/site-packages/urllib3/connectionpool.py", line 490, in _make_request
    raise new_e
urllib3.exceptions.SSLError: TLS/SSL connection has been closed (EOF) (_ssl.c:1129)

The above exception was the direct cause of the following exception:

Traceback (most recent call last):
  File "/Users/alexmann/.pyenv/versions/3.9.16/lib/python3.9/site-packages/requests/adapters.py", line 667, in send
    resp = conn.urlopen(
  File "/Users/alexmann/.pyenv/versions/3.9.16/lib/python3.9/site-packages/urllib3/connectionpool.py", line 843, in urlopen
    retries = retries.increment(
  File "/Users/alexmann/.pyenv/versions/3.9.16/lib/python3.9/site-packages/urllib3/util/retry.py", line 519, in increment
    raise MaxRetryError(_pool, url, reason) from reason  # type: ignore[arg-type]
urllib3.exceptions.MaxRetryError: HTTPSConnectionPool(host='api-web.nhle.com', port=443): Max retries exceeded with url: /v1/player/8477998/game-log/20232024/2 (Caused by SSLError(SSLZeroReturnError(6, 'TLS/SSL connection has been closed (EOF) (_ssl.c:1129)')))

During handling of the above exception, another exception occurred:

Traceback (most recent call last):
  File "/Users/alexmann/Documents/Code_Learning/nhl_fromscratch/player_api.py", line 353, in <module>
    fetch_and_store_player_data()
  File "/Users/alexmann/Documents/Code_Learning/nhl_fromscratch/player_api.py", line 289, in fetch_and_store_player_data
    last_season_shots = get_shots_per_game(player_id, '20232024', date)
  File "/Users/alexmann/Documents/Code_Learning/nhl_fromscratch/player_api.py", line 35, in get_shots_per_game
    response = requests.get(season_url)
  File "/Users/alexmann/.pyenv/versions/3.9.16/lib/python3.9/site-packages/requests/api.py", line 73, in get
    return request("get", url, params=params, **kwargs)
  File "/Users/alexmann/.pyenv/versions/3.9.16/lib/python3.9/site-packages/requests/api.py", line 59, in request
    return session.request(method=method, url=url, **kwargs)
  File "/Users/alexmann/.pyenv/versions/3.9.16/lib/python3.9/site-packages/requests/sessions.py", line 589, in request
    resp = self.send(prep, **send_kwargs)
  File "/Users/alexmann/.pyenv/versions/3.9.16/lib/python3.9/site-packages/requests/sessions.py", line 703, in send
    r = adapter.send(request, **kwargs)
  File "/Users/alexmann/.pyenv/versions/3.9.16/lib/python3.9/site-packages/requests/adapters.py", line 698, in send
    raise SSLError(e, request=request)
requests.exceptions.SSLError: HTTPSConnectionPool(host='api-web.nhle.com', port=443): Max retries exceeded with url: /v1/player/8477998/game-log/20232024/2 (Caused by SSLError(SSLZeroReturnError(6, 'TLS/SSL connection has been closed (EOF) (_ssl.c:1129)')))
Python interpreter: /Users/alexmann/.pyenv/versions/3.9.16/bin/python3
Traceback (most recent call last):
  File "/Users/alexmann/.pyenv/versions/3.9.16/lib/python3.9/site-packages/urllib3/connectionpool.py", line 466, in _make_request
    self._validate_conn(conn)
  File "/Users/alexmann/.pyenv/versions/3.9.16/lib/python3.9/site-packages/urllib3/connectionpool.py", line 1095, in _validate_conn
    conn.connect()
  File "/Users/alexmann/.pyenv/versions/3.9.16/lib/python3.9/site-packages/urllib3/connection.py", line 730, in connect
    sock_and_verified = _ssl_wrap_socket_and_match_hostname(
  File "/Users/alexmann/.pyenv/versions/3.9.16/lib/python3.9/site-packages/urllib3/connection.py", line 909, in _ssl_wrap_socket_and_match_hostname
    ssl_sock = ssl_wrap_socket(
  File "/Users/alexmann/.pyenv/versions/3.9.16/lib/python3.9/site-packages/urllib3/util/ssl_.py", line 469, in ssl_wrap_socket
    ssl_sock = _ssl_wrap_socket_impl(sock, context, tls_in_tls, server_hostname)
  File "/Users/alexmann/.pyenv/versions/3.9.16/lib/python3.9/site-packages/urllib3/util/ssl_.py", line 513, in _ssl_wrap_socket_impl
    return ssl_context.wrap_socket(sock, server_hostname=server_hostname)
  File "/Users/alexmann/.pyenv/versions/3.9.16/lib/python3.9/ssl.py", line 501, in wrap_socket
    return self.sslsocket_class._create(
  File "/Users/alexmann/.pyenv/versions/3.9.16/lib/python3.9/ssl.py", line 1041, in _create
    self.do_handshake()
  File "/Users/alexmann/.pyenv/versions/3.9.16/lib/python3.9/ssl.py", line 1310, in do_handshake
    self._sslobj.do_handshake()
ssl.SSLZeroReturnError: TLS/SSL connection has been closed (EOF) (_ssl.c:1129)

During handling of the above exception, another exception occurred:

Traceback (most recent call last):
  File "/Users/alexmann/.pyenv/versions/3.9.16/lib/python3.9/site-packages/urllib3/connectionpool.py", line 789, in urlopen
    response = self._make_request(
  File "/Users/alexmann/.pyenv/versions/3.9.16/lib/python3.9/site-packages/urllib3/connectionpool.py", line 490, in _make_request
    raise new_e
urllib3.exceptions.SSLError: TLS/SSL connection has been closed (EOF) (_ssl.c:1129)

The above exception was the direct cause of the following exception:

Traceback (most recent call last):
  File "/Users/alexmann/.pyenv/versions/3.9.16/lib/python3.9/site-packages/requests/adapters.py", line 667, in send
    resp = conn.urlopen(
  File "/Users/alexmann/.pyenv/versions/3.9.16/lib/python3.9/site-packages/urllib3/connectionpool.py", line 843, in urlopen
    retries = retries.increment(
  File "/Users/alexmann/.pyenv/versions/3.9.16/lib/python3.9/site-packages/urllib3/util/retry.py", line 519, in increment
    raise MaxRetryError(_pool, url, reason) from reason  # type: ignore[arg-type]
urllib3.exceptions.MaxRetryError: HTTPSConnectionPool(host='api.nhle.com', port=443): Max retries exceeded with url: /stats/rest/en/team/summary?sort=shotsForPerGame&cayenneExp=seasonId=20242025%20and%20gameTypeId=2 (Caused by SSLError(SSLZeroReturnError(6, 'TLS/SSL connection has been closed (EOF) (_ssl.c:1129)')))

During handling of the above exception, another exception occurred:

Traceback (most recent call last):
  File "/Users/alexmann/Documents/Code_Learning/nhl_fromscratch/main.py", line 99, in <module>
    main()
  File "/Users/alexmann/Documents/Code_Learning/nhl_fromscratch/main.py", line 58, in main
    daily_factor_update()
  File "/Users/alexmann/Documents/Code_Learning/nhl_fromscratch/team_avg_SA.py", line 72, in daily_factor_update
    team_stats = get_team_stats()
  File "/Users/alexmann/Documents/Code_Learning/nhl_fromscratch/team_avg_SA.py", line 11, in get_team_stats
    response = requests.get(team_shots_url)
  File "/Users/alexmann/.pyenv/versions/3.9.16/lib/python3.9/site-packages/requests/api.py", line 73, in get
    return request("get", url, params=params, **kwargs)
  File "/Users/alexmann/.pyenv/versions/3.9.16/lib/python3.9/site-packages/requests/api.py", line 59, in request
    return session.request(method=method, url=url, **kwargs)
  File "/Users/alexmann/.pyenv/versions/3.9.16/lib/python3.9/site-packages/requests/sessions.py", line 589, in request
    resp = self.send(prep, **send_kwargs)
  File "/Users/alexmann/.pyenv/versions/3.9.16/lib/python3.9/site-packages/requests/sessions.py", line 703, in send
    r = adapter.send(request, **kwargs)
  File "/Users/alexmann/.pyenv/versions/3.9.16/lib/python3.9/site-packages/requests/adapters.py", line 698, in send
    raise SSLError(e, request=request)
requests.exceptions.SSLError: HTTPSConnectionPool(host='api.nhle.com', port=443): Max retries exceeded with url: /stats/rest/en/team/summary?sort=shotsForPerGame&cayenneExp=seasonId=20242025%20and%20gameTypeId=2 (Caused by SSLError(SSLZeroReturnError(6, 'TLS/SSL connection has been closed (EOF) (_ssl.c:1129)')))
Odds for today are already in the database.
Fetching and storing player data with weights: x_10 = 5, x_2024 = 3, x_2023 = 2, x_2022 = 1
Using ledger: daily_ledger_scaled, model table: modelled_likelihoods
Found 40 players to model.
Traceback (most recent call last):
  File "/Users/alexmann/Documents/Code_Learning/nhl_fromscratch/player_api.py", line 358, in <module>
    fetch_and_store_player_data()
  File "/Users/alexmann/Documents/Code_Learning/nhl_fromscratch/player_api.py", line 287, in fetch_and_store_player_data
    opposing_team = get_player_id(home_team, away_team, player_name)[2]
  File "/Users/alexmann/.pyenv/versions/3.9.16/lib/python3.9/site-packages/tenacity/__init__.py", line 336, in wrapped_f
    return copy(f, *args, **kw)
  File "/Users/alexmann/.pyenv/versions/3.9.16/lib/python3.9/site-packages/tenacity/__init__.py", line 475, in __call__
    do = self.iter(retry_state=retry_state)
  File "/Users/alexmann/.pyenv/versions/3.9.16/lib/python3.9/site-packages/tenacity/__init__.py", line 376, in iter
    result = action(retry_state)
  File "/Users/alexmann/.pyenv/versions/3.9.16/lib/python3.9/site-packages/tenacity/__init__.py", line 398, in <lambda>
    self._add_action_func(lambda rs: rs.outcome.result())
  File "/Users/alexmann/.pyenv/versions/3.9.16/lib/python3.9/concurrent/futures/_base.py", line 439, in result
    return self.__get_result()
  File "/Users/alexmann/.pyenv/versions/3.9.16/lib/python3.9/concurrent/futures/_base.py", line 391, in __get_result
    raise self._exception
  File "/Users/alexmann/.pyenv/versions/3.9.16/lib/python3.9/site-packages/tenacity/__init__.py", line 478, in __call__
    result = fn(*args, **kwargs)
  File "/Users/alexmann/Documents/Code_Learning/nhl_fromscratch/player_api.py", line 90, in get_player_id
    player_id = search_player_in_team(team2_id)
  File "/Users/alexmann/Documents/Code_Learning/nhl_fromscratch/player_api.py", line 62, in search_player_in_team
    response = requests.get(f"{base_url}/roster/{team_id}/current")
  File "/Users/alexmann/.pyenv/versions/3.9.16/lib/python3.9/site-packages/requests/api.py", line 73, in get
    return request("get", url, params=params, **kwargs)
  File "/Users/alexmann/.pyenv/versions/3.9.16/lib/python3.9/site-packages/requests/api.py", line 59, in request
    return session.request(method=method, url=url, **kwargs)
  File "/Users/alexmann/.pyenv/versions/3.9.16/lib/python3.9/site-packages/requests/sessions.py", line 589, in request
    resp = self.send(prep, **send_kwargs)
  File "/Users/alexmann/.pyenv/versions/3.9.16/lib/python3.9/site-packages/requests/sessions.py", line 724, in send
    history = [resp for resp in gen]
  File "/Users/alexmann/.pyenv/versions/3.9.16/lib/python3.9/site-packages/requests/sessions.py", line 724, in <listcomp>
    history = [resp for resp in gen]
  File "/Users/alexmann/.pyenv/versions/3.9.16/lib/python3.9/site-packages/requests/sessions.py", line 265, in resolve_redirects
    resp = self.send(
  File "/Users/alexmann/.pyenv/versions/3.9.16/lib/python3.9/site-packages/requests/sessions.py", line 703, in send
    r = adapter.send(request, **kwargs)
  File "/Users/alexmann/.pyenv/versions/3.9.16/lib/python3.9/site-packages/requests/adapters.py", line 667, in send
    resp = conn.urlopen(
  File "/Users/alexmann/.pyenv/versions/3.9.16/lib/python3.9/site-packages/urllib3/connectionpool.py", line 789, in urlopen
    response = self._make_request(
  File "/Users/alexmann/.pyenv/versions/3.9.16/lib/python3.9/site-packages/urllib3/connectionpool.py", line 536, in _make_request
    response = conn.getresponse()
  File "/Users/alexmann/.pyenv/versions/3.9.16/lib/python3.9/site-packages/urllib3/connection.py", line 507, in getresponse
    httplib_response = super().getresponse()
  File "/Users/alexmann/.pyenv/versions/3.9.16/lib/python3.9/http/client.py", line 1377, in getresponse
    response.begin()
  File "/Users/alexmann/.pyenv/versions/3.9.16/lib/python3.9/http/client.py", line 320, in begin
    version, status, reason = self._read_status()
  File "/Users/alexmann/.pyenv/versions/3.9.16/lib/python3.9/http/client.py", line 281, in _read_status
    line = str(self.fp.readline(_MAXLINE + 1), "iso-8859-1")
  File "/Users/alexmann/.pyenv/versions/3.9.16/lib/python3.9/socket.py", line 704, in readinto
    return self._sock.recv_into(b)
  File "/Users/alexmann/.pyenv/versions/3.9.16/lib/python3.9/ssl.py", line 1242, in recv_into
    return self.read(nbytes, buffer)
  File "/Users/alexmann/.pyenv/versions/3.9.16/lib/python3.9/ssl.py", line 1100, in read
    return self._sslobj.read(len, buffer)
KeyboardInterrupt
Python interpreter: /Users/alexmann/.pyenv/versions/3.9.16/bin/python3
Traceback (most recent call last):
  File "/Users/alexmann/Documents/Code_Learning/nhl_fromscratch/main.py", line 99, in <module>
    main()
  File "/Users/alexmann/Documents/Code_Learning/nhl_fromscratch/main.py", line 56, in main
    subprocess.run(['python3', os.path.join(script_dir, 'player_api.py')])
  File "/Users/alexmann/.pyenv/versions/3.9.16/lib/python3.9/subprocess.py", line 507, in run
    stdout, stderr = process.communicate(input, timeout=timeout)
  File "/Users/alexmann/.pyenv/versions/3.9.16/lib/python3.9/subprocess.py", line 1126, in communicate
    self.wait()
  File "/Users/alexmann/.pyenv/versions/3.9.16/lib/python3.9/subprocess.py", line 1189, in wait
    return self._wait(timeout=timeout)
  File "/Users/alexmann/.pyenv/versions/3.9.16/lib/python3.9/subprocess.py", line 1917, in _wait
    (pid, sts) = self._try_wait(0)
  File "/Users/alexmann/.pyenv/versions/3.9.16/lib/python3.9/subprocess.py", line 1875, in _try_wait
    (pid, sts) = os.waitpid(self.pid, wait_flags)
KeyboardInterrupt
Odds for today are already in the database.
Fetching and storing player data with weights: x_10 = 5, x_2024 = 3, x_2023 = 2, x_2022 = 1
Using ledger: daily_ledger_scaled, model table: modelled_likelihoods
Found 40 players to model.
No valid game log data available for player ID: 8482702 before date 2024-11-25 for season 20222023.
Logan Stankoven has less than 60 GP.
No valid game log data available for player ID: 8482702 before date 2024-11-25 for season 20222023.
Logan Stankoven has less than 60 GP.
Player Oskar Back not found in either team Carolina Hurricanes (CAR) or team Dallas Stars (DAL) roster.
Player Oskar Back not found in either team Carolina Hurricanes (CAR) or team Dallas Stars (DAL) roster.
No valid game log data available for player ID: 8484387 before date 2024-11-25 for season 20232024.
No valid game log data available for player ID: 8484387 before date 2024-11-25 for season 20222023.
Matvei Michkov has less than 60 GP.
No valid game log data available for player ID: 8484387 before date 2024-11-25 for season 20232024.
No valid game log data available for player ID: 8484387 before date 2024-11-25 for season 20222023.
Matvei Michkov has less than 60 GP.
Player William Karlsson not found in either team Philadelphia Flyers (PHI) or team Vegas Golden Knights (VGK) roster.
Player William Karlsson not found in either team Philadelphia Flyers (PHI) or team Vegas Golden Knights (VGK) roster.
Matt Coronato has less than 60 GP.
Matt Coronato has less than 60 GP.
No valid game log data available for player ID: 8484958 before date 2024-11-25 for season 20232024.
No valid game log data available for player ID: 8484958 before date 2024-11-25 for season 20222023.
Maxim Tsyplakov has less than 60 GP.
No valid game log data available for player ID: 8484958 before date 2024-11-25 for season 20232024.
No valid game log data available for player ID: 8484958 before date 2024-11-25 for season 20222023.
Maxim Tsyplakov has less than 60 GP.
No valid game log data available for player ID: 8483445 before date 2024-11-25 for season 20222023.
Cutter Gauthier has less than 60 GP.
No valid game log data available for player ID: 8483445 before date 2024-11-25 for season 20222023.
Cutter Gauthier has less than 60 GP.
No valid game log data available for player ID: 8482803 before date 2024-11-25 for season 20222023.
Olen Zellweger has less than 60 GP.
No valid game log data available for player ID: 8482803 before date 2024-11-25 for season 20222023.
Olen Zellweger has less than 60 GP.
Brandt Clarke has less than 60 GP.
Brandt Clarke has less than 60 GP.
No valid game log data available for player ID: 8484801 before date 2024-11-25 for season 20232024.
No valid game log data available for player ID: 8484801 before date 2024-11-25 for season 20222023.
Macklin Celebrini has less than 60 GP.
No valid game log data available for player ID: 8484801 before date 2024-11-25 for season 20232024.
No valid game log data available for player ID: 8484801 before date 2024-11-25 for season 20222023.
Macklin Celebrini has less than 60 GP.
Python interpreter: /Users/alexmann/.pyenv/versions/3.9.16/bin/python3
Created table daily_ledger_scaled_weight3
Created table modelled_likelihoods_weight3
Fetching and storing player data with weights: x_10 = 3, x_2024 = 3, x_2023 = 2, x_2022 = 1
Using ledger: daily_ledger_scaled_weight3, model table: modelled_likelihoods_weight3
Found 40 players to model.
No valid game log data available for player ID: 8482702 before date 2024-11-25 for season 20222023.
Logan Stankoven has less than 60 GP.
No valid game log data available for player ID: 8482702 before date 2024-11-25 for season 20222023.
Logan Stankoven has less than 60 GP.
Player Oskar Back not found in either team Carolina Hurricanes (CAR) or team Dallas Stars (DAL) roster.
Player Oskar Back not found in either team Carolina Hurricanes (CAR) or team Dallas Stars (DAL) roster.
No valid game log data available for player ID: 8484387 before date 2024-11-25 for season 20232024.
No valid game log data available for player ID: 8484387 before date 2024-11-25 for season 20222023.
Matvei Michkov has less than 60 GP.
No valid game log data available for player ID: 8484387 before date 2024-11-25 for season 20232024.
No valid game log data available for player ID: 8484387 before date 2024-11-25 for season 20222023.
Matvei Michkov has less than 60 GP.
Player William Karlsson not found in either team Philadelphia Flyers (PHI) or team Vegas Golden Knights (VGK) roster.
Player William Karlsson not found in either team Philadelphia Flyers (PHI) or team Vegas Golden Knights (VGK) roster.
Matt Coronato has less than 60 GP.
Matt Coronato has less than 60 GP.
No valid game log data available for player ID: 8484958 before date 2024-11-25 for season 20232024.
No valid game log data available for player ID: 8484958 before date 2024-11-25 for season 20222023.
Maxim Tsyplakov has less than 60 GP.
No valid game log data available for player ID: 8484958 before date 2024-11-25 for season 20232024.
No valid game log data available for player ID: 8484958 before date 2024-11-25 for season 20222023.
Maxim Tsyplakov has less than 60 GP.
No valid game log data available for player ID: 8483445 before date 2024-11-25 for season 20222023.
Cutter Gauthier has less than 60 GP.
No valid game log data available for player ID: 8483445 before date 2024-11-25 for season 20222023.
Cutter Gauthier has less than 60 GP.
No valid game log data available for player ID: 8482803 before date 2024-11-25 for season 20222023.
Olen Zellweger has less than 60 GP.
No valid game log data available for player ID: 8482803 before date 2024-11-25 for season 20222023.
Olen Zellweger has less than 60 GP.
Brandt Clarke has less than 60 GP.
Brandt Clarke has less than 60 GP.
No valid game log data available for player ID: 8484801 before date 2024-11-25 for season 20232024.
No valid game log data available for player ID: 8484801 before date 2024-11-25 for season 20222023.
Macklin Celebrini has less than 60 GP.
No valid game log data available for player ID: 8484801 before date 2024-11-25 for season 20232024.
No valid game log data available for player ID: 8484801 before date 2024-11-25 for season 20222023.
Macklin Celebrini has less than 60 GP.
First 3 rows of daily_ledger_scaled_weight3:
   id        date  ...  initial_dollar_value  final_dollar_value
0   1  2024-10-11  ...            100.000000           87.800476
1   2  2024-10-15  ...             87.800476           88.925541
2   3  2024-10-16  ...             88.925541           82.567795

[3 rows x 6 columns]
Last 3 rows of daily_ledger_scaled_weight3:
    id        date  ...  initial_dollar_value  final_dollar_value
39  40  2024-11-22  ...            417.599207          389.128843
40  41  2024-11-23  ...            389.128843          400.138201
41  42  2024-11-24  ...            400.138201          449.012329

[3 rows x 6 columns]
Daily dollar amounts for daily_ledger_scaled_weight3:
    final_dollar_value
0            87.800476
1            88.925541
2            82.567795
3            85.274270
4            71.650510
5            67.440568
6            77.621785
7            83.307984
8            76.657374
9            73.723491
10           85.278557
11          101.330746
12          109.236467
13          114.634050
14          150.352604
15          175.847527
16          177.959921
17          183.519035
18          162.968573
19          153.405616
20          187.058966
21          194.639899
22          196.792138
23          210.312487
24          254.442484
25          299.589846
26          334.045316
27          273.753454
28          335.103304
29          343.601263
30          320.447356
31          304.673614
32          319.485344
33          374.574317
34          425.973562
35          476.327647
36          466.408493
37          527.063048
38          417.599207
39          389.128843
40          400.138201
41          449.012329
Created table daily_ledger_scaled_weight4
Created table modelled_likelihoods_weight4
Fetching and storing player data with weights: x_10 = 4, x_2024 = 3, x_2023 = 2, x_2022 = 1
Using ledger: daily_ledger_scaled_weight4, model table: modelled_likelihoods_weight4
Found 40 players to model.
No valid game log data available for player ID: 8482702 before date 2024-11-25 for season 20222023.
Logan Stankoven has less than 60 GP.
No valid game log data available for player ID: 8482702 before date 2024-11-25 for season 20222023.
Logan Stankoven has less than 60 GP.
Player Oskar Back not found in either team Carolina Hurricanes (CAR) or team Dallas Stars (DAL) roster.
Player Oskar Back not found in either team Carolina Hurricanes (CAR) or team Dallas Stars (DAL) roster.
No valid game log data available for player ID: 8484387 before date 2024-11-25 for season 20232024.
No valid game log data available for player ID: 8484387 before date 2024-11-25 for season 20222023.
Matvei Michkov has less than 60 GP.
No valid game log data available for player ID: 8484387 before date 2024-11-25 for season 20232024.
No valid game log data available for player ID: 8484387 before date 2024-11-25 for season 20222023.
Matvei Michkov has less than 60 GP.
Player William Karlsson not found in either team Philadelphia Flyers (PHI) or team Vegas Golden Knights (VGK) roster.
Player William Karlsson not found in either team Philadelphia Flyers (PHI) or team Vegas Golden Knights (VGK) roster.
Matt Coronato has less than 60 GP.
Matt Coronato has less than 60 GP.
No valid game log data available for player ID: 8484958 before date 2024-11-25 for season 20232024.
No valid game log data available for player ID: 8484958 before date 2024-11-25 for season 20222023.
Maxim Tsyplakov has less than 60 GP.
No valid game log data available for player ID: 8484958 before date 2024-11-25 for season 20232024.
No valid game log data available for player ID: 8484958 before date 2024-11-25 for season 20222023.
Maxim Tsyplakov has less than 60 GP.
No valid game log data available for player ID: 8483445 before date 2024-11-25 for season 20222023.
Cutter Gauthier has less than 60 GP.
No valid game log data available for player ID: 8483445 before date 2024-11-25 for season 20222023.
Cutter Gauthier has less than 60 GP.
No valid game log data available for player ID: 8482803 before date 2024-11-25 for season 20222023.
Olen Zellweger has less than 60 GP.
No valid game log data available for player ID: 8482803 before date 2024-11-25 for season 20222023.
Olen Zellweger has less than 60 GP.
Brandt Clarke has less than 60 GP.
Brandt Clarke has less than 60 GP.
No valid game log data available for player ID: 8484801 before date 2024-11-25 for season 20232024.
No valid game log data available for player ID: 8484801 before date 2024-11-25 for season 20222023.
Macklin Celebrini has less than 60 GP.
No valid game log data available for player ID: 8484801 before date 2024-11-25 for season 20232024.
No valid game log data available for player ID: 8484801 before date 2024-11-25 for season 20222023.
Macklin Celebrini has less than 60 GP.
First 3 rows of daily_ledger_scaled_weight4:
   id        date  ...  initial_dollar_value  final_dollar_value
0   1  2024-10-11  ...            100.000000           90.358412
1   2  2024-10-15  ...             90.358412           89.956594
2   3  2024-10-16  ...             89.956594           81.032458

[3 rows x 6 columns]
Last 3 rows of daily_ledger_scaled_weight4:
    id        date  ...  initial_dollar_value  final_dollar_value
39  40  2024-11-22  ...            404.102082          377.866288
40  41  2024-11-23  ...            377.866288          397.784221
41  42  2024-11-24  ...            397.784221          445.875285

[3 rows x 6 columns]
Daily dollar amounts for daily_ledger_scaled_weight4:
    final_dollar_value
0            90.358412
1            89.956594
2            81.032458
3            83.907333
4            69.383194
5            66.830913
6            76.411963
7            82.235325
8            77.395141
9            74.573237
10           87.201845
11          103.857882
12          114.541928
13          120.011952
14          158.359948
15          187.343161
16          187.380816
17          195.998556
18          177.998053
19          167.386641
20          198.954748
21          205.417825
22          208.793266
23          226.452915
24          271.983869
25          316.928434
26          356.131838
27          284.999027
28          336.172046
29          347.349077
30          322.891307
31          320.607320
32          312.711580
33          367.200259
34          421.335501
35          466.641021
36          455.601902
37          501.952975
38          404.102082
39          377.866288
40          397.784221
41          445.875285
CSV file modelled_likelihoods_weight4_2024-11-25.csv created at /Users/alexmann/Documents/Code_Learning/nhl_fromscratch/daily_odds/modelled_likelihoods_weight4_2024-11-25.csv.
Created table daily_ledger_scaled
Created table modelled_likelihoods
Fetching and storing player data with weights: x_10 = 5, x_2024 = 3, x_2023 = 2, x_2022 = 1
Using ledger: daily_ledger_scaled, model table: modelled_likelihoods
Found 40 players to model.
No valid game log data available for player ID: 8482702 before date 2024-11-25 for season 20222023.
Logan Stankoven has less than 60 GP.
No valid game log data available for player ID: 8482702 before date 2024-11-25 for season 20222023.
Logan Stankoven has less than 60 GP.
Player Oskar Back not found in either team Carolina Hurricanes (CAR) or team Dallas Stars (DAL) roster.
Player Oskar Back not found in either team Carolina Hurricanes (CAR) or team Dallas Stars (DAL) roster.
No valid game log data available for player ID: 8484387 before date 2024-11-25 for season 20232024.
No valid game log data available for player ID: 8484387 before date 2024-11-25 for season 20222023.
Matvei Michkov has less than 60 GP.
No valid game log data available for player ID: 8484387 before date 2024-11-25 for season 20232024.
No valid game log data available for player ID: 8484387 before date 2024-11-25 for season 20222023.
Matvei Michkov has less than 60 GP.
Player William Karlsson not found in either team Philadelphia Flyers (PHI) or team Vegas Golden Knights (VGK) roster.
Player William Karlsson not found in either team Philadelphia Flyers (PHI) or team Vegas Golden Knights (VGK) roster.
Matt Coronato has less than 60 GP.
Matt Coronato has less than 60 GP.
No valid game log data available for player ID: 8484958 before date 2024-11-25 for season 20232024.
No valid game log data available for player ID: 8484958 before date 2024-11-25 for season 20222023.
Maxim Tsyplakov has less than 60 GP.
No valid game log data available for player ID: 8484958 before date 2024-11-25 for season 20232024.
No valid game log data available for player ID: 8484958 before date 2024-11-25 for season 20222023.
Maxim Tsyplakov has less than 60 GP.
No valid game log data available for player ID: 8483445 before date 2024-11-25 for season 20222023.
Cutter Gauthier has less than 60 GP.
No valid game log data available for player ID: 8483445 before date 2024-11-25 for season 20222023.
Cutter Gauthier has less than 60 GP.
No valid game log data available for player ID: 8482803 before date 2024-11-25 for season 20222023.
Olen Zellweger has less than 60 GP.
No valid game log data available for player ID: 8482803 before date 2024-11-25 for season 20222023.
Olen Zellweger has less than 60 GP.
Brandt Clarke has less than 60 GP.
Brandt Clarke has less than 60 GP.
No valid game log data available for player ID: 8484801 before date 2024-11-25 for season 20232024.
No valid game log data available for player ID: 8484801 before date 2024-11-25 for season 20222023.
Macklin Celebrini has less than 60 GP.
No valid game log data available for player ID: 8484801 before date 2024-11-25 for season 20232024.
No valid game log data available for player ID: 8484801 before date 2024-11-25 for season 20222023.
Macklin Celebrini has less than 60 GP.
First 3 rows of daily_ledger_scaled:
   id        date  ...  initial_dollar_value  final_dollar_value
0   1  2024-10-11  ...            100.000000           89.476252
1   2  2024-10-15  ...             89.476252           89.682323
2   3  2024-10-16  ...             89.682323           77.235025

[3 rows x 6 columns]
Last 3 rows of daily_ledger_scaled:
    id        date  ...  initial_dollar_value  final_dollar_value
39  40  2024-11-22  ...            299.651444          281.058316
40  41  2024-11-23  ...            281.058316          295.069576
41  42  2024-11-24  ...            295.069576          327.511774

[3 rows x 6 columns]
Daily dollar amounts for daily_ledger_scaled:
    final_dollar_value
0            89.476252
1            89.682323
2            77.235025
3            80.249328
4            64.909206
5            64.252247
6            75.913401
7            84.016626
8            78.993494
9            76.374147
10           88.734853
11          105.043997
12          113.673053
13          120.330829
14          114.694700
15          135.760192
16          137.075912
17          143.850748
18          127.533273
19          123.890207
20          132.954623
21          137.242196
22          140.514624
23          153.428114
24          182.606369
25          211.739200
26          238.581855
27          188.800191
28          223.469888
29          233.253855
30          214.888589
31          233.632247
32          230.103068
33          263.341107
34          298.701481
35          336.570077
36          335.862110
37          362.287381
38          299.651444
39          281.058316
40          295.069576
41          327.511774
Python interpreter: /Users/alexmann/.pyenv/versions/3.9.16/bin/python3
Created table daily_ledger_scaled_weight4_twentiethOppositionFactor
Created table modelled_likelihoods_weight4_twentiethOppositionFactor
Fetching and storing player data with weights: x_10 = 4, x_2024 = 3, x_2023 = 2, x_2022 = 1
Using ledger: daily_ledger_scaled_weight4_wHalfOppositionFactor, model table: modelled_likelihoods_weight4_wHalfOppositionFactor
Found 310 players to model.
No valid game log data available for player ID: 8482702 before date 2024-11-25 for season 20222023.
Logan Stankoven has less than 60 GP.
No valid game log data available for player ID: 8482702 before date 2024-11-25 for season 20222023.
Logan Stankoven has less than 60 GP.
Player Oskar Back not found in either team Carolina Hurricanes (CAR) or team Dallas Stars (DAL) roster.
Player Oskar Back not found in either team Carolina Hurricanes (CAR) or team Dallas Stars (DAL) roster.
No valid game log data available for player ID: 8484387 before date 2024-11-25 for season 20232024.
No valid game log data available for player ID: 8484387 before date 2024-11-25 for season 20222023.
Matvei Michkov has less than 60 GP.
No valid game log data available for player ID: 8484387 before date 2024-11-25 for season 20232024.
No valid game log data available for player ID: 8484387 before date 2024-11-25 for season 20222023.
Matvei Michkov has less than 60 GP.
No valid game log data available for player ID: 8476461 before date 2024-11-25 for season 20222023.
No valid game log data available for player ID: 8476461 before date 2024-11-25 for season 20222023.
Player William Karlsson not found in either team Philadelphia Flyers (PHI) or team Vegas Golden Knights (VGK) roster.
Player William Karlsson not found in either team Philadelphia Flyers (PHI) or team Vegas Golden Knights (VGK) roster.
Matt Coronato has less than 60 GP.
Matt Coronato has less than 60 GP.
No valid game log data available for player ID: 8482074 before date 2024-11-25 for season 20222023.
No valid game log data available for player ID: 8482074 before date 2024-11-25 for season 20222023.
No valid game log data available for player ID: 8484958 before date 2024-11-25 for season 20232024.
No valid game log data available for player ID: 8484958 before date 2024-11-25 for season 20222023.
Maxim Tsyplakov has less than 60 GP.
No valid game log data available for player ID: 8484958 before date 2024-11-25 for season 20232024.
No valid game log data available for player ID: 8484958 before date 2024-11-25 for season 20222023.
Maxim Tsyplakov has less than 60 GP.
No valid game log data available for player ID: 8484153 before date 2024-11-25 for season 20222023.
No valid game log data available for player ID: 8484153 before date 2024-11-25 for season 20222023.
No valid game log data available for player ID: 8483445 before date 2024-11-25 for season 20222023.
Cutter Gauthier has less than 60 GP.
No valid game log data available for player ID: 8483445 before date 2024-11-25 for season 20222023.
Cutter Gauthier has less than 60 GP.
No valid game log data available for player ID: 8482803 before date 2024-11-25 for season 20222023.
Olen Zellweger has less than 60 GP.
No valid game log data available for player ID: 8482803 before date 2024-11-25 for season 20222023.
Olen Zellweger has less than 60 GP.
No valid game log data available for player ID: 8482155 before date 2024-11-25 for season 20222023.
No valid game log data available for player ID: 8482155 before date 2024-11-25 for season 20222023.
Brandt Clarke has less than 60 GP.
Brandt Clarke has less than 60 GP.
No valid game log data available for player ID: 8484801 before date 2024-11-25 for season 20232024.
No valid game log data available for player ID: 8484801 before date 2024-11-25 for season 20222023.
Macklin Celebrini has less than 60 GP.
No valid game log data available for player ID: 8484801 before date 2024-11-25 for season 20232024.
No valid game log data available for player ID: 8484801 before date 2024-11-25 for season 20222023.
Macklin Celebrini has less than 60 GP.
Fetching and storing player data with weights: x_10 = 4, x_2024 = 3, x_2023 = 2, x_2022 = 1
Using ledger: daily_ledger_scaled_weight4_tenthOppositionFactor, model table: modelled_likelihoods_weight4_tenthOppositionFactor
Found 40 players to model.
No valid game log data available for player ID: 8482702 before date 2024-11-25 for season 20222023.
Logan Stankoven has less than 60 GP.
No valid game log data available for player ID: 8482702 before date 2024-11-25 for season 20222023.
Logan Stankoven has less than 60 GP.
Player Oskar Back not found in either team Carolina Hurricanes (CAR) or team Dallas Stars (DAL) roster.
Player Oskar Back not found in either team Carolina Hurricanes (CAR) or team Dallas Stars (DAL) roster.
No valid game log data available for player ID: 8484387 before date 2024-11-25 for season 20232024.
No valid game log data available for player ID: 8484387 before date 2024-11-25 for season 20222023.
Matvei Michkov has less than 60 GP.
No valid game log data available for player ID: 8484387 before date 2024-11-25 for season 20232024.
No valid game log data available for player ID: 8484387 before date 2024-11-25 for season 20222023.
Matvei Michkov has less than 60 GP.
Player William Karlsson not found in either team Philadelphia Flyers (PHI) or team Vegas Golden Knights (VGK) roster.
Player William Karlsson not found in either team Philadelphia Flyers (PHI) or team Vegas Golden Knights (VGK) roster.
Matt Coronato has less than 60 GP.
Matt Coronato has less than 60 GP.
No valid game log data available for player ID: 8484958 before date 2024-11-25 for season 20232024.
No valid game log data available for player ID: 8484958 before date 2024-11-25 for season 20222023.
Maxim Tsyplakov has less than 60 GP.
No valid game log data available for player ID: 8484958 before date 2024-11-25 for season 20232024.
No valid game log data available for player ID: 8484958 before date 2024-11-25 for season 20222023.
Maxim Tsyplakov has less than 60 GP.
No valid game log data available for player ID: 8483445 before date 2024-11-25 for season 20222023.
Cutter Gauthier has less than 60 GP.
No valid game log data available for player ID: 8483445 before date 2024-11-25 for season 20222023.
Cutter Gauthier has less than 60 GP.
No valid game log data available for player ID: 8482803 before date 2024-11-25 for season 20222023.
Olen Zellweger has less than 60 GP.
No valid game log data available for player ID: 8482803 before date 2024-11-25 for season 20222023.
Olen Zellweger has less than 60 GP.
Brandt Clarke has less than 60 GP.
Brandt Clarke has less than 60 GP.
No valid game log data available for player ID: 8484801 before date 2024-11-25 for season 20232024.
No valid game log data available for player ID: 8484801 before date 2024-11-25 for season 20222023.
Macklin Celebrini has less than 60 GP.
No valid game log data available for player ID: 8484801 before date 2024-11-25 for season 20232024.
No valid game log data available for player ID: 8484801 before date 2024-11-25 for season 20222023.
Macklin Celebrini has less than 60 GP.
Fetching and storing player data with weights: x_10 = 4, x_2024 = 3, x_2023 = 2, x_2022 = 1
Using ledger: daily_ledger_scaled_weight4_twentiethOppositionFactor, model table: modelled_likelihoods_weight4_twentiethOppositionFactor
Found 310 players to model.
No valid game log data available for player ID: 8482702 before date 2024-11-25 for season 20222023.
Logan Stankoven has less than 60 GP.
No valid game log data available for player ID: 8482702 before date 2024-11-25 for season 20222023.
Logan Stankoven has less than 60 GP.
Player Oskar Back not found in either team Carolina Hurricanes (CAR) or team Dallas Stars (DAL) roster.
Player Oskar Back not found in either team Carolina Hurricanes (CAR) or team Dallas Stars (DAL) roster.
No valid game log data available for player ID: 8484387 before date 2024-11-25 for season 20232024.
No valid game log data available for player ID: 8484387 before date 2024-11-25 for season 20222023.
Matvei Michkov has less than 60 GP.
No valid game log data available for player ID: 8484387 before date 2024-11-25 for season 20232024.
No valid game log data available for player ID: 8484387 before date 2024-11-25 for season 20222023.
Matvei Michkov has less than 60 GP.
No valid game log data available for player ID: 8476461 before date 2024-11-25 for season 20222023.
No valid game log data available for player ID: 8476461 before date 2024-11-25 for season 20222023.
Player William Karlsson not found in either team Philadelphia Flyers (PHI) or team Vegas Golden Knights (VGK) roster.
Player William Karlsson not found in either team Philadelphia Flyers (PHI) or team Vegas Golden Knights (VGK) roster.
Matt Coronato has less than 60 GP.
Matt Coronato has less than 60 GP.
No valid game log data available for player ID: 8482074 before date 2024-11-25 for season 20222023.
No valid game log data available for player ID: 8482074 before date 2024-11-25 for season 20222023.
No valid game log data available for player ID: 8484958 before date 2024-11-25 for season 20232024.
No valid game log data available for player ID: 8484958 before date 2024-11-25 for season 20222023.
Maxim Tsyplakov has less than 60 GP.
No valid game log data available for player ID: 8484958 before date 2024-11-25 for season 20232024.
No valid game log data available for player ID: 8484958 before date 2024-11-25 for season 20222023.
Maxim Tsyplakov has less than 60 GP.
No valid game log data available for player ID: 8484153 before date 2024-11-25 for season 20222023.
No valid game log data available for player ID: 8484153 before date 2024-11-25 for season 20222023.
No valid game log data available for player ID: 8483445 before date 2024-11-25 for season 20222023.
Cutter Gauthier has less than 60 GP.
No valid game log data available for player ID: 8483445 before date 2024-11-25 for season 20222023.
Cutter Gauthier has less than 60 GP.
No valid game log data available for player ID: 8482803 before date 2024-11-25 for season 20222023.
Olen Zellweger has less than 60 GP.
No valid game log data available for player ID: 8482803 before date 2024-11-25 for season 20222023.
Olen Zellweger has less than 60 GP.
No valid game log data available for player ID: 8482155 before date 2024-11-25 for season 20222023.
No valid game log data available for player ID: 8482155 before date 2024-11-25 for season 20222023.
Brandt Clarke has less than 60 GP.
Brandt Clarke has less than 60 GP.
No valid game log data available for player ID: 8484801 before date 2024-11-25 for season 20232024.
No valid game log data available for player ID: 8484801 before date 2024-11-25 for season 20222023.
Macklin Celebrini has less than 60 GP.
No valid game log data available for player ID: 8484801 before date 2024-11-25 for season 20232024.
No valid game log data available for player ID: 8484801 before date 2024-11-25 for season 20222023.
Macklin Celebrini has less than 60 GP.
CSV file modelled_likelihoods_weight4_tenthOppositionFactor_2024-11-25.csv created at /Users/alexmann/Documents/Code_Learning/nhl_fromscratch/daily_odds/modelled_likelihoods_weight4_tenthOppositionFactor_2024-11-25.csv.
Python interpreter: /Users/alexmann/.pyenv/versions/3.9.16/bin/python3
Fetching and storing player data with weights: x_10 = 5, x_2024 = 3, x_2023 = 2, x_2022 = 1
Using ledger: daily_ledger_scaled, model table: modelled_likelihoods
Found 40 players to model.
No valid game log data available for player ID: 8482702 before date 2024-11-25 for season 20222023.
Logan Stankoven has less than 60 GP.
No valid game log data available for player ID: 8482702 before date 2024-11-25 for season 20222023.
Logan Stankoven has less than 60 GP.
Player Oskar Back not found in either team Carolina Hurricanes (CAR) or team Dallas Stars (DAL) roster.
Player Oskar Back not found in either team Carolina Hurricanes (CAR) or team Dallas Stars (DAL) roster.
No valid game log data available for player ID: 8484387 before date 2024-11-25 for season 20232024.
No valid game log data available for player ID: 8484387 before date 2024-11-25 for season 20222023.
Matvei Michkov has less than 60 GP.
No valid game log data available for player ID: 8484387 before date 2024-11-25 for season 20232024.
No valid game log data available for player ID: 8484387 before date 2024-11-25 for season 20222023.
Matvei Michkov has less than 60 GP.
Player William Karlsson not found in either team Philadelphia Flyers (PHI) or team Vegas Golden Knights (VGK) roster.
Player William Karlsson not found in either team Philadelphia Flyers (PHI) or team Vegas Golden Knights (VGK) roster.
Matt Coronato has less than 60 GP.
Matt Coronato has less than 60 GP.
No valid game log data available for player ID: 8484958 before date 2024-11-25 for season 20232024.
No valid game log data available for player ID: 8484958 before date 2024-11-25 for season 20222023.
Maxim Tsyplakov has less than 60 GP.
No valid game log data available for player ID: 8484958 before date 2024-11-25 for season 20232024.
No valid game log data available for player ID: 8484958 before date 2024-11-25 for season 20222023.
Maxim Tsyplakov has less than 60 GP.
No valid game log data available for player ID: 8483445 before date 2024-11-25 for season 20222023.
Cutter Gauthier has less than 60 GP.
No valid game log data available for player ID: 8483445 before date 2024-11-25 for season 20222023.
Cutter Gauthier has less than 60 GP.
No valid game log data available for player ID: 8482803 before date 2024-11-25 for season 20222023.
Olen Zellweger has less than 60 GP.
No valid game log data available for player ID: 8482803 before date 2024-11-25 for season 20222023.
Olen Zellweger has less than 60 GP.
Brandt Clarke has less than 60 GP.
Brandt Clarke has less than 60 GP.
No valid game log data available for player ID: 8484801 before date 2024-11-25 for season 20232024.
No valid game log data available for player ID: 8484801 before date 2024-11-25 for season 20222023.
Macklin Celebrini has less than 60 GP.
No valid game log data available for player ID: 8484801 before date 2024-11-25 for season 20232024.
No valid game log data available for player ID: 8484801 before date 2024-11-25 for season 20222023.
Macklin Celebrini has less than 60 GP.
CSV file modelled_likelihoods_2024-11-25.csv created at /Users/alexmann/Documents/Code_Learning/nhl_fromscratch/daily_odds/modelled_likelihoods_2024-11-25.csv.
Updated Ledger (daily_ledger_scaled_weight4):
[1, '2024-10-11', 24, '65.15', '100.00', '90.36']
[2, '2024-10-15', 45, '76.20', '90.36', '89.96']
[3, '2024-10-16', 22, '75.71', '89.96', '81.03']
[4, '2024-10-17', 45, '66.30', '81.03', '83.91']
[5, '2024-10-18', 24, '75.03', '83.91', '69.38']
[6, '2024-10-19', 45, '51.69', '69.38', '66.83']
[7, '2024-10-20', 5, '10.79', '66.83', '76.41']
[8, '2024-10-21', 7, '17.71', '76.41', '82.24']
[9, '2024-10-22', 39, '48.56', '82.24', '77.40']
[10, '2024-10-23', 6, '14.84', '77.40', '74.57']
[11, '2024-10-24', 37, '67.13', '74.57', '87.20']
[12, '2024-10-25', 18, '41.94', '87.20', '103.86']
[13, '2024-10-26', 45, '85.29', '103.86', '114.54']
[14, '2024-10-27', 29, '100.07', '114.54', '120.01']
[15, '2024-10-28', 39, '105.47', '120.01', '158.36']
[16, '2024-10-29', 26, '153.62', '158.36', '187.34']
[17, '2024-10-30', 45, '179.64', '187.34', '187.38']
[18, '2024-10-31', 39, '176.51', '187.38', '196.00']
[19, '2024-11-01', 40, '189.12', '196.00', '178.00']
[20, '2024-11-02', 42, '142.14', '178.00', '167.39']
[21, '2024-11-03', 24, '141.43', '167.39', '198.95']
[22, '2024-11-04', 12, '68.63', '198.95', '205.42']
[23, '2024-11-05', 44, '159.41', '205.42', '208.79']
[24, '2024-11-06', 19, '110.52', '208.79', '226.45']
[25, '2024-11-07', 45, '165.65', '226.45', '271.98']
[26, '2024-11-08', 21, '166.48', '271.98', '316.93']
[27, '2024-11-09', 44, '255.90', '316.93', '356.13']
[28, '2024-11-10', 23, '235.68', '356.13', '285.00']
[29, '2024-11-11', 23, '243.84', '285.00', '336.17']
[30, '2024-11-12', 36, '333.00', '336.17', '347.35']
[31, '2024-11-13', 30, '294.53', '347.35', '322.89']
[32, '2024-11-14', 42, '306.16', '322.89', '320.61']
[33, '2024-11-15', 25, '311.76', '320.61', '312.71']
[34, '2024-11-16', 45, '245.34', '312.71', '367.20']
[35, '2024-11-17', 29, '304.08', '367.20', '421.34']
[36, '2024-11-18', 35, '398.81', '421.34', '466.64']
[37, '2024-11-19', 26, '456.40', '466.64', '455.60']
[38, '2024-11-20', 32, '411.44', '455.60', '501.95']
[39, '2024-11-21', 43, '447.15', '501.95', '404.10']
[40, '2024-11-22', 8, '95.56', '404.10', '377.87']
[41, '2024-11-23', 42, '264.58', '377.87', '397.78']
[42, '2024-11-24', 4, '51.91', '397.78', '445.88']
Updated Ledger (daily_ledger_scaled_weight4_tenthOppositionFactor):
[1, '2024-10-11', 24, '65.23', '100.00', '90.33']
[2, '2024-10-15', 46, '76.61', '90.33', '90.71']
[3, '2024-10-16', 23, '76.77', '90.71', '82.84']
[4, '2024-10-17', 48, '70.10', '82.84', '86.08']
[5, '2024-10-18', 24, '74.66', '86.08', '71.21']
[6, '2024-10-19', 45, '52.93', '71.21', '68.37']
[7, '2024-10-20', 5, '11.01', '68.37', '78.47']
[8, '2024-10-21', 6, '17.14', '78.47', '84.90']
[9, '2024-10-22', 37, '48.63', '84.90', '76.10']
[10, '2024-10-23', 6, '14.50', '76.10', '73.25']
[11, '2024-10-24', 36, '64.12', '73.25', '86.27']
[12, '2024-10-25', 19, '42.34', '86.27', '101.65']
[13, '2024-10-26', 45, '84.61', '101.65', '114.68']
[14, '2024-10-27', 30, '95.42', '114.68', '119.23']
[15, '2024-10-28', 39, '105.41', '119.23', '109.93']
[16, '2024-10-29', 42, '101.31', '109.93', '133.39']
[17, '2024-10-30', 43, '128.94', '133.39', '136.66']
[18, '2024-10-31', 40, '129.26', '136.66', '141.58']
[19, '2024-11-01', 39, '132.80', '141.58', '129.92']
[20, '2024-11-02', 42, '104.15', '129.92', '123.79']
[21, '2024-11-03', 24, '103.10', '123.79', '146.35']
[22, '2024-11-04', 12, '47.38', '146.35', '148.23']
[23, '2024-11-05', 45, '120.19', '148.23', '169.80']
[24, '2024-11-06', 17, '85.81', '169.80', '188.13']
[25, '2024-11-07', 45, '129.50', '188.13', '211.63']
[26, '2024-11-08', 29, '180.04', '211.63', '262.46']
[27, '2024-11-09', 47, '209.37', '262.46', '290.83']
[28, '2024-11-10', 21, '181.29', '290.83', '235.44']
[29, '2024-11-11', 38, '231.14', '235.44', '259.07']
[30, '2024-11-12', 23, '216.74', '259.07', '322.87']
[31, '2024-11-13', 35, '322.87', '322.87', '388.74']
[32, '2024-11-14', 25, '330.80', '388.74', '407.24']
[33, '2024-11-15', 35, '400.85', '407.24', '468.56']
[34, '2024-11-16', 49, '404.61', '468.56', '527.06']
[35, '2024-11-17', 22, '338.63', '527.06', '528.55']
[36, '2024-11-18', 22, '494.09', '528.55', '536.42']
[37, '2024-11-19', 25, '515.73', '536.42', '523.85']
[38, '2024-11-20', 23, '378.44', '523.85', '736.39']
[39, '2024-11-21', 43, '626.65', '736.39', '717.22']
[40, '2024-11-22', 10, '206.39', '717.22', '675.39']
[41, '2024-11-23', 41, '455.28', '675.39', '635.01']
[42, '2024-11-24', 4, '81.52', '635.01', '714.39']
